::1 - - [07/Mar/2015:09:16:48 +0100] "GET /redmine/ HTTP/1.1" 200 1252
::1 - - [07/Mar/2015:09:16:49 +0100] "GET /redmine/stylesheets/jquery/jquery-ui-1.11.0.css HTTP/1.1" 200 5514
::1 - - [07/Mar/2015:09:16:49 +0100] "GET /redmine/javascripts/application.js HTTP/1.1" 200 4730
::1 - - [07/Mar/2015:09:16:49 +0100] "GET /redmine/stylesheets/application.css HTTP/1.1" 200 11240
::1 - - [07/Mar/2015:09:16:49 +0100] "GET /redmine/javascripts/jquery-1.11.1-ui-1.11.0-ujs-3.1.1.js HTTP/1.1" 200 98577
::1 - - [07/Mar/2015:09:16:49 +0100] "GET /redmine/favicon.ico HTTP/1.1" 200 7886
::1 - - [07/Mar/2015:09:17:23 +0100] "GET /redmine/login HTTP/1.1" 200 1501
::1 - - [07/Mar/2015:09:17:33 +0100] "POST /redmine/login HTTP/1.1" 200 1544
::1 - - [07/Mar/2015:09:17:36 +0100] "POST /redmine/login HTTP/1.1" 200 1545
::1 - - [07/Mar/2015:09:17:47 +0100] "POST /redmine/login HTTP/1.1" 302 91
::1 - - [07/Mar/2015:09:17:47 +0100] "GET /redmine/ HTTP/1.1" 200 1387
::1 - - [07/Mar/2015:09:17:56 +0100] "GET /redmine/projects HTTP/1.1" 200 1624
::1 - - [07/Mar/2015:09:17:56 +0100] "GET /redmine/images/add.png HTTP/1.1" 200 680
::1 - - [07/Mar/2015:09:17:56 +0100] "GET /redmine/images/fav.png HTTP/1.1" 200 378
::1 - - [07/Mar/2015:09:17:58 +0100] "GET /redmine/admin HTTP/1.1" 200 1550
::1 - - [07/Mar/2015:09:17:58 +0100] "GET /redmine/images/user.png HTTP/1.1" 200 669
::1 - - [07/Mar/2015:09:17:58 +0100] "GET /redmine/images/projects.png HTTP/1.1" 200 775
::1 - - [07/Mar/2015:09:17:58 +0100] "GET /redmine/images/ticket.png HTTP/1.1" 200 447
::1 - - [07/Mar/2015:09:17:58 +0100] "GET /redmine/images/group.png HTTP/1.1" 200 700
::1 - - [07/Mar/2015:09:17:58 +0100] "GET /redmine/images/ticket_go.png HTTP/1.1" 200 608
::1 - - [07/Mar/2015:09:17:58 +0100] "GET /redmine/images/ticket_edit.png HTTP/1.1" 200 678
::1 - - [07/Mar/2015:09:17:58 +0100] "GET /redmine/images/database_key.png HTTP/1.1" 200 727
::1 - - [07/Mar/2015:09:17:58 +0100] "GET /redmine/images/text_list_bullets.png HTTP/1.1" 200 291
::1 - - [07/Mar/2015:09:17:58 +0100] "GET /redmine/images/textfield.png HTTP/1.1" 200 100
::1 - - [07/Mar/2015:09:17:59 +0100] "GET /redmine/images/plugin.png HTTP/1.1" 200 538
::1 - - [07/Mar/2015:09:17:59 +0100] "GET /redmine/images/server_key.png HTTP/1.1" 200 746
::1 - - [07/Mar/2015:09:17:58 +0100] "GET /redmine/images/changeset.png HTTP/1.1" 200 459
::1 - - [07/Mar/2015:09:17:59 +0100] "GET /redmine/images/help.png HTTP/1.1" 200 733
::1 - - [07/Mar/2015:09:18:01 +0100] "GET /redmine/users HTTP/1.1" 200 2254
::1 - - [07/Mar/2015:09:18:01 +0100] "GET /redmine/images/reload.png HTTP/1.1" 200 549
::1 - - [07/Mar/2015:09:18:01 +0100] "GET /redmine/images/sort_asc.png HTTP/1.1" 200 158
::1 - - [07/Mar/2015:09:18:01 +0100] "GET /redmine/images/toggle_check.png HTTP/1.1" 200 262
::1 - - [07/Mar/2015:09:18:14 +0100] "GET /redmine/projects HTTP/1.1" 200 1623
::1 - - [07/Mar/2015:09:18:20 +0100] "GET /redmine/admin HTTP/1.1" 200 1553
::1 - - [07/Mar/2015:09:18:21 +0100] "GET /redmine/groups HTTP/1.1" 200 1625
::1 - - [07/Mar/2015:09:18:25 +0100] "GET /redmine/groups/new HTTP/1.1" 200 1821
::1 - - [07/Mar/2015:09:18:36 +0100] "POST /redmine/groups HTTP/1.1" 302 97
::1 - - [07/Mar/2015:09:18:36 +0100] "GET /redmine/groups HTTP/1.1" 200 1787
::1 - - [07/Mar/2015:09:18:36 +0100] "GET /redmine/images/delete.png HTTP/1.1" 200 911
::1 - - [07/Mar/2015:09:18:37 +0100] "GET /redmine/groups/3/edit HTTP/1.1" 200 2176
::1 - - [07/Mar/2015:09:18:42 +0100] "GET /redmine/images/loading.gif HTTP/1.1" 200 1553
::1 - - [07/Mar/2015:09:18:42 +0100] "GET /redmine/groups/3/users/new HTTP/1.1" 200 1094
::1 - - [07/Mar/2015:09:18:42 +0100] "GET /redmine/images/magnifier.png HTTP/1.1" 200 615
::1 - - [07/Mar/2015:09:18:42 +0100] "GET /redmine/stylesheets/jquery/images/ui-bg_glass_100_f6f6f6_1x400.png HTTP/1.1" 200 262
::1 - - [07/Mar/2015:09:18:42 +0100] "GET /redmine/stylesheets/jquery/images/ui-bg_diagonals-thick_20_666666_40x40.png HTTP/1.1" 200 312
::1 - - [07/Mar/2015:09:18:42 +0100] "GET /redmine/stylesheets/jquery/images/ui-bg_gloss-wave_35_759fcf_500x100.png HTTP/1.1" 200 5772
::1 - - [07/Mar/2015:09:18:42 +0100] "GET /redmine/stylesheets/jquery/images/ui-icons_759fcf_256x240.png HTTP/1.1" 200 4549
::1 - - [07/Mar/2015:09:18:47 +0100] "POST /redmine/groups/3/users HTTP/1.1" 200 760
::1 - - [07/Mar/2015:09:18:51 +0100] "GET /redmine/groups/3/memberships/new HTTP/1.1" 200 2030
::1 - - [07/Mar/2015:09:18:54 +0100] "GET /redmine/stylesheets/jquery/images/ui-bg_glass_100_eef5fd_1x400.png HTTP/1.1" 200 345
::1 - - [07/Mar/2015:09:18:55 +0100] "GET /redmine/stylesheets/jquery/images/ui-bg_glass_65_ffffff_1x400.png HTTP/1.1" 200 207
::1 - - [07/Mar/2015:09:18:56 +0100] "GET /redmine/projects HTTP/1.1" 200 1624
::1 - - [07/Mar/2015:09:18:58 +0100] "GET /redmine/projects/new HTTP/1.1" 200 2461
::1 - - [07/Mar/2015:09:18:58 +0100] "GET /redmine/stylesheets/jstoolbar.css HTTP/1.1" 200 595
::1 - - [07/Mar/2015:09:18:58 +0100] "GET /redmine/javascripts/jstoolbar/jstoolbar-textile.min.js HTTP/1.1" 200 2371
::1 - - [07/Mar/2015:09:18:58 +0100] "GET /redmine/javascripts/jstoolbar/lang/jstoolbar-es.js HTTP/1.1" 200 290
::1 - - [07/Mar/2015:09:18:58 +0100] "GET /redmine/javascripts/project_identifier.js HTTP/1.1" 200 2743
::1 - - [07/Mar/2015:09:18:58 +0100] "GET /redmine/images/jstoolbar/bt_em.png HTTP/1.1" 200 197
::1 - - [07/Mar/2015:09:18:58 +0100] "GET /redmine/images/jstoolbar/bt_h1.png HTTP/1.1" 200 247
::1 - - [07/Mar/2015:09:18:58 +0100] "GET /redmine/images/jstoolbar/bt_del.png HTTP/1.1" 200 252
::1 - - [07/Mar/2015:09:18:58 +0100] "GET /redmine/images/jstoolbar/bt_strong.png HTTP/1.1" 200 244
::1 - - [07/Mar/2015:09:18:58 +0100] "GET /redmine/images/jstoolbar/bt_ins.png HTTP/1.1" 200 937
::1 - - [07/Mar/2015:09:18:58 +0100] "GET /redmine/images/jstoolbar/bt_img.png HTTP/1.1" 200 1027
::1 - - [07/Mar/2015:09:18:58 +0100] "GET /redmine/images/jstoolbar/bt_code.png HTTP/1.1" 200 927
::1 - - [07/Mar/2015:09:18:58 +0100] "GET /redmine/images/jstoolbar/bt_pre.png HTTP/1.1" 200 918
::1 - - [07/Mar/2015:09:18:58 +0100] "GET /redmine/images/jstoolbar/bt_h3.png HTTP/1.1" 200 261
::1 - - [07/Mar/2015:09:18:58 +0100] "GET /redmine/images/jstoolbar/bt_ol.png HTTP/1.1" 200 248
::1 - - [07/Mar/2015:09:18:58 +0100] "GET /redmine/images/jstoolbar/bt_link.png HTTP/1.1" 200 293
::1 - - [07/Mar/2015:09:18:58 +0100] "GET /redmine/images/jstoolbar/bt_h2.png HTTP/1.1" 200 252
::1 - - [07/Mar/2015:09:18:58 +0100] "GET /redmine/images/jstoolbar/bt_bq.png HTTP/1.1" 200 384
::1 - - [07/Mar/2015:09:18:58 +0100] "GET /redmine/images/jstoolbar/bt_bq_remove.png HTTP/1.1" 200 379
::1 - - [07/Mar/2015:09:18:58 +0100] "GET /redmine/images/jstoolbar/bt_ul.png HTTP/1.1" 200 249
::1 - - [07/Mar/2015:09:22:53 +0100] "POST /redmine/projects HTTP/1.1" 302 121
::1 - - [07/Mar/2015:09:22:53 +0100] "GET /redmine/projects/piecebypeace/settings HTTP/1.1" 200 4053
::1 - - [07/Mar/2015:09:23:47 +0100] "GET /redmine/projects/piecebypeace/issues/new HTTP/1.1" 200 3527
::1 - - [07/Mar/2015:09:23:48 +0100] "GET /redmine/javascripts/attachments.js HTTP/1.1" 200 2003
::1 - - [07/Mar/2015:09:23:47 +0100] "GET /redmine/javascripts/i18n/datepicker-es.js HTTP/1.1" 200 623
::1 - - [07/Mar/2015:09:23:48 +0100] "GET /redmine/images/bullet_add.png HTTP/1.1" 200 233
::1 - - [07/Mar/2015:09:23:48 +0100] "GET /redmine/stylesheets/jquery/images/ui-bg_highlight-soft_100_eeeeee_1x100.png HTTP/1.1" 200 278
::1 - - [07/Mar/2015:09:23:48 +0100] "GET /redmine/images/calendar.png HTTP/1.1" 200 622
::1 - - [07/Mar/2015:09:23:50 +0100] "GET /redmine/projects/piecebypeace/issues HTTP/1.1" 200 4615
::1 - - [07/Mar/2015:09:23:51 +0100] "GET /redmine/javascripts/context_menu.js HTTP/1.1" 200 1705
::1 - - [07/Mar/2015:09:23:51 +0100] "GET /redmine/stylesheets/context_menu.css HTTP/1.1" 200 697
::1 - - [07/Mar/2015:09:23:51 +0100] "GET /redmine/images/arrow_expanded.png HTTP/1.1" 200 157
::1 - - [07/Mar/2015:09:23:51 +0100] "GET /redmine/images/arrow_collapsed.png HTTP/1.1" 200 165
::1 - - [07/Mar/2015:09:23:51 +0100] "GET /redmine/images/save.png HTTP/1.1" 200 440
::1 - - [07/Mar/2015:09:23:54 +0100] "GET /redmine/projects/piecebypeace/activity HTTP/1.1" 200 2096
::1 - - [07/Mar/2015:09:24:01 +0100] "GET /redmine/ HTTP/1.1" 200 1689
::1 - - [07/Mar/2015:09:24:10 +0100] "GET /redmine/admin HTTP/1.1" 200 1557
::1 - - [07/Mar/2015:09:24:11 +0100] "GET /redmine/groups HTTP/1.1" 200 1761
::1 - - [07/Mar/2015:09:24:12 +0100] "GET /redmine/groups/3/edit HTTP/1.1" 200 2332
::1 - - [07/Mar/2015:09:24:15 +0100] "GET /redmine/groups/3/memberships/new HTTP/1.1" 200 2255
::1 - - [07/Mar/2015:09:24:18 +0100] "POST /redmine/users/3/memberships HTTP/1.1" 200 2111
::1 - - [07/Mar/2015:09:24:18 +0100] "GET /redmine/images/edit.png HTTP/1.1" 200 522
::1 - - [07/Mar/2015:09:24:23 +0100] "GET /redmine/projects/piecebypeace HTTP/1.1" 200 2346
::1 - - [07/Mar/2015:09:24:23 +0100] "GET /redmine/images/time.png HTTP/1.1" 200 740
::1 - - [07/Mar/2015:09:24:23 +0100] "GET /redmine/images/locked.png HTTP/1.1" 200 1013
::1 - - [07/Mar/2015:09:24:30 +0100] "GET /redmine/projects/piecebypeace/settings HTTP/1.1" 200 4539
::1 - - [07/Mar/2015:09:24:47 +0100] "DELETE /redmine/memberships/1 HTTP/1.1" 200 236
::1 - - [07/Mar/2015:09:24:49 +0100] "GET /redmine/projects/piecebypeace/memberships/new HTTP/1.1" 200 1995
::1 - - [07/Mar/2015:09:25:02 +0100] "POST /redmine/projects/piecebypeace/memberships HTTP/1.1" 200 2181
::1 - - [07/Mar/2015:09:25:05 +0100] "DELETE /redmine/memberships/3 HTTP/1.1" 200 236
::1 - - [07/Mar/2015:09:25:07 +0100] "GET /redmine/projects/piecebypeace/memberships/new HTTP/1.1" 304 -
::1 - - [07/Mar/2015:09:25:10 +0100] "POST /redmine/projects/piecebypeace/memberships HTTP/1.1" 200 308
::1 - - [07/Mar/2015:09:25:24 +0100] "POST /redmine/projects/piecebypeace/memberships HTTP/1.1" 200 2181
::1 - - [07/Mar/2015:09:25:35 +0100] "GET /redmine/my/page HTTP/1.1" 200 1798
::1 - - [07/Mar/2015:09:25:38 +0100] "GET /redmine/projects HTTP/1.1" 200 2039
::1 - - [07/Mar/2015:09:25:38 +0100] "GET /redmine/admin HTTP/1.1" 200 1692
::1 - - [07/Mar/2015:09:25:45 +0100] "GET /redmine/admin/plugins HTTP/1.1" 200 1731
::1 - - [07/Mar/2015:09:25:52 +0100] "GET /redmine/settings HTTP/1.1" 200 10716
::1 - - [07/Mar/2015:09:27:27 +0100] "GET /redmine/workflows/edit HTTP/1.1" 200 2309
::1 - - [07/Mar/2015:09:27:27 +0100] "GET /redmine/images/bullet_toggle_plus.png HTTP/1.1" 200 217
::1 - - [07/Mar/2015:09:27:27 +0100] "GET /redmine/images/lightning.png HTTP/1.1" 200 584
::1 - - [07/Mar/2015:09:27:27 +0100] "GET /redmine/images/copy.png HTTP/1.1" 200 925
::1 - - [07/Mar/2015:09:27:34 +0100] "GET /redmine/admin HTTP/1.1" 200 1692
::1 - - [07/Mar/2015:09:27:36 +0100] "GET /redmine/projects HTTP/1.1" 200 2041
::1 - - [07/Mar/2015:09:27:40 +0100] "GET /redmine/projects/piecebypeace HTTP/1.1" 200 2348
::1 - - [07/Mar/2015:09:27:44 +0100] "GET /redmine/projects/piecebypeace/settings HTTP/1.1" 200 4452
::1 - - [07/Mar/2015:09:27:47 +0100] "GET /redmine/projects/piecebypeace/memberships/new HTTP/1.1" 200 1889
::1 - - [07/Mar/2015:09:35:20 +0100] "GET /redmine/admin HTTP/1.1" 200 1690
::1 - - [07/Mar/2015:09:35:22 +0100] "GET /redmine/users HTTP/1.1" 200 2415
::1 - - [07/Mar/2015:09:35:28 +0100] "GET /redmine/users/new HTTP/1.1" 200 5935
::1 - - [07/Mar/2015:09:38:16 +0100] "GET /redmine/projects HTTP/1.1" 200 2037
::1 - - [07/Mar/2015:09:38:18 +0100] "GET /redmine/projects/piecebypeace HTTP/1.1" 200 2350
::1 - - [07/Mar/2015:09:38:30 +0100] "GET /redmine/admin HTTP/1.1" 200 1691
::1 - - [07/Mar/2015:09:38:32 +0100] "GET /redmine/users HTTP/1.1" 200 2417
::1 - - [07/Mar/2015:09:38:35 +0100] "GET /redmine/users/new HTTP/1.1" 200 5938
::1 - - [07/Mar/2015:09:42:46 +0100] "POST /redmine/users HTTP/1.1" 200 6045
::1 - - [07/Mar/2015:09:43:08 +0100] "POST /redmine/users HTTP/1.1" 302 103
::1 - - [07/Mar/2015:09:43:10 +0100] "GET /redmine/users/4/edit HTTP/1.1" 200 6614
::1 - - [07/Mar/2015:09:43:10 +0100] "GET /redmine/images/email_add.png HTTP/1.1" 200 761
::1 - - [07/Mar/2015:09:43:15 +0100] "GET /redmine/users HTTP/1.1" 200 2596
::1 - - [07/Mar/2015:09:43:18 +0100] "GET /redmine/users/1/edit HTTP/1.1" 200 6876
::1 - - [07/Mar/2015:09:43:26 +0100] "POST /redmine/users/1 HTTP/1.1" 302 103
::1 - - [07/Mar/2015:09:43:26 +0100] "GET /redmine/users/1/edit HTTP/1.1" 200 6926
::1 - - [07/Mar/2015:09:43:28 +0100] "GET /redmine/users HTTP/1.1" 200 2596
::1 - - [07/Mar/2015:09:43:41 +0100] "GET /redmine/users/1/edit HTTP/1.1" 200 6883
::1 - - [07/Mar/2015:09:43:49 +0100] "POST /redmine/users/1 HTTP/1.1" 302 103
::1 - - [07/Mar/2015:09:43:50 +0100] "GET /redmine/users/1/edit HTTP/1.1" 200 6922
::1 - - [07/Mar/2015:09:43:51 +0100] "GET /redmine/users HTTP/1.1" 200 2607
::1 - - [07/Mar/2015:09:43:59 +0100] "GET /redmine/users/new HTTP/1.1" 200 5937
::1 - - [07/Mar/2015:09:44:51 +0100] "POST /redmine/users HTTP/1.1" 302 103
::1 - - [07/Mar/2015:09:44:53 +0100] "GET /redmine/users/5/edit HTTP/1.1" 200 6600
::1 - - [07/Mar/2015:09:44:54 +0100] "GET /redmine/users HTTP/1.1" 200 2665
::1 - - [07/Mar/2015:09:45:07 +0100] "GET /redmine/users/new HTTP/1.1" 200 5942
::1 - - [07/Mar/2015:09:46:20 +0100] "POST /redmine/users HTTP/1.1" 302 103
::1 - - [07/Mar/2015:09:46:21 +0100] "GET /redmine/users/6/edit HTTP/1.1" 200 6609
::1 - - [07/Mar/2015:09:46:23 +0100] "GET /redmine/users HTTP/1.1" 200 2728
::1 - - [07/Mar/2015:09:46:52 +0100] "GET /redmine/users/1/edit HTTP/1.1" 200 6894
::1 - - [07/Mar/2015:09:47:04 +0100] "POST /redmine/users/1 HTTP/1.1" 302 103
::1 - - [07/Mar/2015:09:47:04 +0100] "GET /redmine/users/1/edit HTTP/1.1" 200 6926
::1 - - [07/Mar/2015:09:47:06 +0100] "GET /redmine/users HTTP/1.1" 200 2733
::1 - - [07/Mar/2015:09:47:12 +0100] "GET /redmine/users/new HTTP/1.1" 200 5940
::1 - - [07/Mar/2015:09:47:40 +0100] "POST /redmine/users HTTP/1.1" 302 103
::1 - - [07/Mar/2015:09:47:42 +0100] "GET /redmine/users/7/edit HTTP/1.1" 200 6607
::1 - - [07/Mar/2015:09:47:43 +0100] "GET /redmine/users HTTP/1.1" 200 2776
::1 - - [07/Mar/2015:09:47:54 +0100] "GET /redmine/users?sort=created_on%3Adesc%2Clogin HTTP/1.1" 200 2797
::1 - - [07/Mar/2015:09:47:55 +0100] "GET /redmine/images/sort_desc.png HTTP/1.1" 200 157
::1 - - [07/Mar/2015:09:48:25 +0100] "GET /redmine/users/5/edit HTTP/1.1" 200 6559
::1 - - [07/Mar/2015:09:48:35 +0100] "POST /redmine/users/5 HTTP/1.1" 302 103
::1 - - [07/Mar/2015:09:48:35 +0100] "GET /redmine/users/5/edit HTTP/1.1" 200 6601
::1 - - [07/Mar/2015:09:48:40 +0100] "GET /redmine/users HTTP/1.1" 200 2783
::1 - - [07/Mar/2015:09:48:42 +0100] "GET /redmine/users/4/edit HTTP/1.1" 200 6574
::1 - - [07/Mar/2015:09:48:56 +0100] "GET /redmine/users HTTP/1.1" 200 2782
::1 - - [07/Mar/2015:09:48:57 +0100] "GET /redmine/users/6/edit HTTP/1.1" 200 6571
::1 - - [07/Mar/2015:09:49:02 +0100] "POST /redmine/users/6 HTTP/1.1" 302 103
::1 - - [07/Mar/2015:09:49:03 +0100] "GET /redmine/users/6/edit HTTP/1.1" 200 6610
::1 - - [07/Mar/2015:09:49:21 +0100] "GET /redmine/users HTTP/1.1" 200 2776
::1 - - [07/Mar/2015:09:49:25 +0100] "GET /redmine/users/4/edit HTTP/1.1" 200 6569
::1 - - [07/Mar/2015:09:49:30 +0100] "POST /redmine/users/4 HTTP/1.1" 302 103
::1 - - [07/Mar/2015:09:49:30 +0100] "GET /redmine/users/4/edit HTTP/1.1" 200 6608
::1 - - [07/Mar/2015:09:49:32 +0100] "GET /redmine/users HTTP/1.1" 200 2765
::1 - - [07/Mar/2015:09:49:38 +0100] "GET /redmine/users/7/edit HTTP/1.1" 200 6571
::1 - - [07/Mar/2015:09:49:45 +0100] "GET /redmine/groups HTTP/1.1" 200 1900
::1 - - [07/Mar/2015:09:49:47 +0100] "GET /redmine/groups/3/edit HTTP/1.1" 200 2486
::1 - - [07/Mar/2015:09:49:53 +0100] "DELETE /redmine/groups/3/users/1 HTTP/1.1" 200 201
::1 - - [07/Mar/2015:09:50:14 +0100] "GET /redmine/groups/3/memberships/new HTTP/1.1" 304 -
::1 - - [07/Mar/2015:09:50:20 +0100] "GET /redmine/groups/3/users/new HTTP/1.1" 200 1523
::1 - - [07/Mar/2015:09:50:28 +0100] "POST /redmine/groups/3/users HTTP/1.1" 200 1643
::1 - - [07/Mar/2015:09:50:33 +0100] "GET /redmine/groups/3/users/new HTTP/1.1" 200 1207
::1 - - [07/Mar/2015:09:50:44 +0100] "GET /redmine/users HTTP/1.1" 200 2767
::1 - - [07/Mar/2015:09:50:46 +0100] "GET /redmine/users/1/edit HTTP/1.1" 200 6895
::1 - - [07/Mar/2015:09:51:06 +0100] "POST /redmine/users/1 HTTP/1.1" 200 6926
::1 - - [07/Mar/2015:09:51:26 +0100] "POST /redmine/users/1 HTTP/1.1" 302 98
::1 - - [07/Mar/2015:09:51:26 +0100] "GET /redmine/users/1 HTTP/1.1" 200 1639
::1 - - [07/Mar/2015:09:51:35 +0100] "GET /redmine/admin HTTP/1.1" 200 1694
::1 - - [07/Mar/2015:09:51:37 +0100] "GET /redmine/groups HTTP/1.1" 200 1898
::1 - - [07/Mar/2015:09:51:38 +0100] "GET /redmine/groups/3/edit HTTP/1.1" 200 2566
::1 - - [07/Mar/2015:09:51:40 +0100] "GET /redmine/groups/3/users/new HTTP/1.1" 200 1197
::1 - - [07/Mar/2015:09:51:43 +0100] "POST /redmine/groups/3/users HTTP/1.1" 200 1970
::1 - - [07/Mar/2015:09:51:45 +0100] "GET /redmine/users/7 HTTP/1.1" 200 1572
::1 - - [07/Mar/2015:09:51:47 +0100] "GET /redmine/groups/3/edit?tab=users HTTP/1.1" 200 2598
::1 - - [07/Mar/2015:09:51:50 +0100] "GET /redmine/groups/3/memberships/new HTTP/1.1" 304 -
::1 - - [07/Mar/2015:09:51:56 +0100] "POST /redmine/users/3/memberships HTTP/1.1" 200 2111
::1 - - [07/Mar/2015:09:52:00 +0100] "GET /redmine/projects/piecebypeace HTTP/1.1" 200 2436
::1 - - [07/Mar/2015:09:52:05 +0100] "GET /redmine/projects/piecebypeace/settings HTTP/1.1" 200 4823
::1 - - [07/Mar/2015:09:52:10 +0100] "DELETE /redmine/memberships/5 HTTP/1.1" 200 2124
::1 - - [07/Mar/2015:09:52:13 +0100] "DELETE /redmine/memberships/4 HTTP/1.1" 200 236
::1 - - [07/Mar/2015:09:52:15 +0100] "GET /redmine/projects/piecebypeace/memberships/new HTTP/1.1" 200 2462
::1 - - [07/Mar/2015:09:52:21 +0100] "POST /redmine/projects/piecebypeace/memberships HTTP/1.1" 200 5759
::1 - - [07/Mar/2015:09:52:23 +0100] "GET /redmine/projects/piecebypeace/memberships/new HTTP/1.1" 200 2110
::1 - - [07/Mar/2015:09:52:26 +0100] "POST /redmine/projects/piecebypeace/memberships HTTP/1.1" 200 5692
::1 - - [07/Mar/2015:09:52:31 +0100] "POST /redmine/projects/piecebypeace/memberships HTTP/1.1" 200 7418
::1 - - [07/Mar/2015:09:55:37 +0100] "GET /redmine/projects/piecebypeace/issues HTTP/1.1" 200 4702
::1 - - [07/Mar/2015:09:55:41 +0100] "GET /redmine/projects/piecebypeace/issues/new HTTP/1.1" 200 3698
::1 - - [07/Mar/2015:09:55:43 +0100] "POST /redmine/projects/piecebypeace/issues/new.js HTTP/1.1" 200 5081
::1 - - [07/Mar/2015:09:58:18 +0100] "POST /redmine/projects/piecebypeace/issues/new.js HTTP/1.1" 200 5172
::1 - - [07/Mar/2015:10:00:16 +0100] "GET /redmine/stylesheets/jquery/images/ui-bg_highlight-soft_75_759fcf_1x100.png HTTP/1.1" 200 343
::1 - - [07/Mar/2015:10:00:16 +0100] "GET /redmine/stylesheets/jquery/images/ui-icons_ffffff_256x240.png HTTP/1.1" 200 6299
::1 - - [07/Mar/2015:10:01:04 +0100] "POST /redmine/projects/piecebypeace/issues HTTP/1.1" 302 99
::1 - - [07/Mar/2015:10:01:06 +0100] "GET /redmine/issues/1 HTTP/1.1" 200 5670
::1 - - [07/Mar/2015:10:01:06 +0100] "GET /redmine/images/fav_off.png HTTP/1.1" 200 211
::1 - - [07/Mar/2015:10:01:06 +0100] "GET /redmine/images/comment.png HTTP/1.1" 200 360
::1 - - [07/Mar/2015:10:01:06 +0100] "GET /redmine/images/time_add.png HTTP/1.1" 200 774
::1 - - [07/Mar/2015:10:01:13 +0100] "GET /redmine/issues/1/time_entries/new HTTP/1.1" 200 2303
::1 - - [07/Mar/2015:10:02:37 +0100] "POST /redmine/time_entries HTTP/1.1" 302 268
::1 - - [07/Mar/2015:10:02:38 +0100] "GET /redmine/issues/1/time_entries/new?back_url=http%3A%2F%2Flocalhost%2Fredmine%2Fissues%2F1&time_entry%5Bactivity_id%5D=8&time_entry%5Bissue_id%5D=1&time_entry%5Bproject_id%5D= HTTP/1.1" 200 2341
::1 - - [07/Mar/2015:10:02:47 +0100] "GET /redmine/projects/piecebypeace/issues HTTP/1.1" 200 5290
::1 - - [07/Mar/2015:10:02:56 +0100] "GET /redmine/issues/1 HTTP/1.1" 200 5640
::1 - - [07/Mar/2015:10:03:00 +0100] "GET /redmine/issues/1/time_entries/new HTTP/1.1" 200 2305
::1 - - [07/Mar/2015:10:03:52 +0100] "POST /redmine/time_entries HTTP/1.1" 302 99
::1 - - [07/Mar/2015:10:03:52 +0100] "GET /redmine/issues/1 HTTP/1.1" 200 5665
::1 - - [07/Mar/2015:10:04:02 +0100] "GET /redmine/issues/1/time_entries HTTP/1.1" 200 4754
::1 - - [07/Mar/2015:10:04:22 +0100] "GET /redmine/issues/1/time_entries/report HTTP/1.1" 200 3640
::1 - - [07/Mar/2015:10:04:23 +0100] "GET /redmine/issues/1/time_entries HTTP/1.1" 200 4746
::1 - - [07/Mar/2015:10:04:30 +0100] "GET /redmine/projects/piecebypeace/activity HTTP/1.1" 200 2262
::1 - - [07/Mar/2015:10:04:37 +0100] "GET /redmine/projects/piecebypeace/issues HTTP/1.1" 200 5288
::1 - - [07/Mar/2015:10:04:59 +0100] "POST /redmine/logout HTTP/1.1" 302 91
::1 - - [07/Mar/2015:10:04:59 +0100] "GET /redmine/ HTTP/1.1" 200 1552
::1 - - [07/Mar/2015:10:05:02 +0100] "GET /redmine/login HTTP/1.1" 200 1503
::1 - - [07/Mar/2015:10:05:12 +0100] "POST /redmine/login HTTP/1.1" 302 91
::1 - - [07/Mar/2015:10:05:12 +0100] "GET /redmine/ HTTP/1.1" 200 1800
::1 - - [07/Mar/2015:10:05:15 +0100] "GET /redmine/projects HTTP/1.1" 200 2025
::1 - - [07/Mar/2015:10:05:16 +0100] "GET /redmine/projects/piecebypeace HTTP/1.1" 200 2433
::1 - - [07/Mar/2015:10:05:18 +0100] "GET /redmine/projects/piecebypeace/issues HTTP/1.1" 200 5383
::1 - - [07/Mar/2015:10:05:25 +0100] "GET /redmine/issues/1 HTTP/1.1" 200 5709
::1 - - [07/Mar/2015:10:05:32 +0100] "GET /redmine/issues/1/time_entries HTTP/1.1" 200 4853
::1 - - [07/Mar/2015:10:05:46 +0100] "GET /redmine/time_entries/1/edit HTTP/1.1" 200 2483
::1 - - [07/Mar/2015:10:06:18 +0100] "POST /redmine/time_entries/1 HTTP/1.1" 302 112
::1 - - [07/Mar/2015:10:06:18 +0100] "GET /redmine/issues/1/time_entries HTTP/1.1" 200 4875
::1 - - [07/Mar/2015:10:06:46 +0100] "GET /redmine/projects/piecebypeace/issues/new HTTP/1.1" 200 3773
::1 - - [07/Mar/2015:10:06:54 +0100] "POST /redmine/projects/piecebypeace/issues/new.js HTTP/1.1" 200 5036
::1 - - [07/Mar/2015:10:11:09 +0100] "POST /redmine/projects/piecebypeace/issues/new.js HTTP/1.1" 200 5183
::1 - - [07/Mar/2015:10:11:12 +0100] "POST /redmine/projects/piecebypeace/issues/new.js HTTP/1.1" 200 5183
::1 - - [07/Mar/2015:10:11:59 +0100] "POST /redmine/projects/piecebypeace/issues/new.js HTTP/1.1" 200 5230
::1 - - [07/Mar/2015:10:12:03 +0100] "POST /redmine/projects/piecebypeace/issues/new.js HTTP/1.1" 200 5230
::1 - - [07/Mar/2015:10:12:19 +0100] "POST /redmine/projects/piecebypeace/issues HTTP/1.1" 302 99
::1 - - [07/Mar/2015:10:12:20 +0100] "GET /redmine/issues/2 HTTP/1.1" 200 5799
::1 - - [07/Mar/2015:10:12:27 +0100] "GET /redmine/projects/piecebypeace/issues HTTP/1.1" 200 5470
::1 - - [07/Mar/2015:10:12:39 +0100] "GET /redmine/issues/1 HTTP/1.1" 200 5788
::1 - - [07/Mar/2015:10:12:51 +0100] "POST /redmine/issues/1/edit.js HTTP/1.1" 200 5814
::1 - - [07/Mar/2015:10:12:57 +0100] "POST /redmine/issues/1 HTTP/1.1" 302 99
::1 - - [07/Mar/2015:10:12:58 +0100] "GET /redmine/issues/1 HTTP/1.1" 200 5895
::1 - - [07/Mar/2015:10:13:00 +0100] "GET /redmine/projects/piecebypeace/issues HTTP/1.1" 200 5405
::1 - - [07/Mar/2015:10:13:06 +0100] "GET /redmine/issues/2 HTTP/1.1" 200 5679
::1 - - [07/Mar/2015:10:13:16 +0100] "GET /redmine/projects/piecebypeace/issues/new?issue%5Bparent_issue_id%5D=2&issue%5Btracker_id%5D=2 HTTP/1.1" 200 3778
::1 - - [07/Mar/2015:10:22:46 +0100] "POST /redmine/projects/piecebypeace/issues/new.js HTTP/1.1" 200 5410
::1 - - [07/Mar/2015:10:24:22 +0100] "POST /redmine/projects/piecebypeace/issues HTTP/1.1" 302 99
::1 - - [07/Mar/2015:10:24:23 +0100] "GET /redmine/issues/3 HTTP/1.1" 200 6080
::1 - - [07/Mar/2015:10:24:30 +0100] "GET /redmine/issues/2 HTTP/1.1" 200 5798
::1 - - [07/Mar/2015:10:24:52 +0100] "GET /redmine/issues/2 HTTP/1.1" 200 5797
::1 - - [07/Mar/2015:10:24:56 +0100] "GET /redmine/projects/piecebypeace/issues/new?issue%5Bparent_issue_id%5D=2&issue%5Btracker_id%5D=2 HTTP/1.1" 200 3782
::1 - - [07/Mar/2015:10:25:38 +0100] "POST /redmine/projects/piecebypeace/issues/new.js HTTP/1.1" 200 5032
::1 - - [07/Mar/2015:10:29:14 +0100] "POST /redmine/projects/piecebypeace/issues HTTP/1.1" 302 99
::1 - - [07/Mar/2015:10:29:15 +0100] "GET /redmine/issues/4 HTTP/1.1" 200 5852
::1 - - [07/Mar/2015:10:29:18 +0100] "GET /redmine/issues/2 HTTP/1.1" 200 5846
::1 - - [07/Mar/2015:10:29:41 +0100] "GET /redmine/issues/3 HTTP/1.1" 200 6045
::1 - - [07/Mar/2015:10:29:55 +0100] "POST /redmine/issues/3 HTTP/1.1" 302 99
::1 - - [07/Mar/2015:10:29:56 +0100] "GET /redmine/issues/3 HTTP/1.1" 200 6175
::1 - - [07/Mar/2015:10:29:59 +0100] "GET /redmine/projects/piecebypeace/issues HTTP/1.1" 200 5497
::1 - - [07/Mar/2015:10:30:05 +0100] "GET /redmine/issues/2 HTTP/1.1" 200 5802
::1 - - [07/Mar/2015:10:30:09 +0100] "GET /redmine/issues/4 HTTP/1.1" 200 5804
::1 - - [07/Mar/2015:10:30:15 +0100] "POST /redmine/issues/4 HTTP/1.1" 302 99
::1 - - [07/Mar/2015:10:30:16 +0100] "GET /redmine/issues/4 HTTP/1.1" 200 5935
::1 - - [07/Mar/2015:10:30:19 +0100] "GET /redmine/projects/piecebypeace/issues HTTP/1.1" 200 5493
::1 - - [07/Mar/2015:10:30:23 +0100] "GET /redmine/projects/piecebypeace/issues?utf8=%E2%9C%93&set_filter=1&f%5B%5D=status_id&op%5Bstatus_id%5D=*&f%5B%5D=&c%5B%5D=tracker&c%5B%5D=status&c%5B%5D=priority&c%5B%5D=subject&c%5B%5D=assigned_to&c%5B%5D=updated_on&group_by= HTTP/1.1" 200 5705
::1 - - [07/Mar/2015:10:30:24 +0100] "GET /redmine/issues/1 HTTP/1.1" 200 5933
::1 - - [07/Mar/2015:10:30:38 +0100] "GET /redmine/projects/piecebypeace/issues?utf8=%E2%9C%93&set_filter=1&f%5B%5D=status_id&op%5Bstatus_id%5D=o&f%5B%5D=&c%5B%5D=tracker&c%5B%5D=status&c%5B%5D=priority&c%5B%5D=subject&c%5B%5D=assigned_to&c%5B%5D=updated_on&group_by= HTTP/1.1" 200 5632
::1 - - [07/Mar/2015:10:30:42 +0100] "GET /redmine/issues/2 HTTP/1.1" 200 5739
::1 - - [07/Mar/2015:10:31:35 +0100] "POST /redmine/issues/2 HTTP/1.1" 302 99
::1 - - [07/Mar/2015:10:31:36 +0100] "GET /redmine/issues/2 HTTP/1.1" 200 5981
::1 - - [07/Mar/2015:10:31:38 +0100] "GET /redmine/projects/piecebypeace/activity HTTP/1.1" 200 2688
::1 - - [07/Mar/2015:10:31:39 +0100] "GET /redmine/images/ticket_checked.png HTTP/1.1" 200 535
::1 - - [07/Mar/2015:10:31:39 +0100] "GET /redmine/projects/piecebypeace/issues HTTP/1.1" 200 5499
::1 - - [07/Mar/2015:10:31:47 +0100] "GET /redmine/issues/2 HTTP/1.1" 200 5962
::1 - - [07/Mar/2015:10:31:53 +0100] "GET /redmine/projects/piecebypeace/issues HTTP/1.1" 200 5498
::1 - - [07/Mar/2015:10:32:04 +0100] "GET /redmine/issues/2 HTTP/1.1" 200 5961
::1 - - [07/Mar/2015:10:32:20 +0100] "GET /redmine/issues/2 HTTP/1.1" 200 5954
::1 - - [07/Mar/2015:10:32:24 +0100] "GET /redmine/issues/2/time_entries/new HTTP/1.1" 200 2398
::1 - - [07/Mar/2015:10:32:59 +0100] "POST /redmine/time_entries HTTP/1.1" 302 99
::1 - - [07/Mar/2015:10:32:59 +0100] "GET /redmine/issues/2 HTTP/1.1" 200 5989
::1 - - [07/Mar/2015:10:33:04 +0100] "GET /redmine/issues/2/time_entries/new HTTP/1.1" 200 2397
::1 - - [07/Mar/2015:10:33:43 +0100] "POST /redmine/time_entries HTTP/1.1" 302 99
::1 - - [07/Mar/2015:10:33:43 +0100] "GET /redmine/issues/2 HTTP/1.1" 200 5984
::1 - - [07/Mar/2015:10:33:53 +0100] "GET /redmine/issues/2/time_entries HTTP/1.1" 200 4785
::1 - - [07/Mar/2015:10:34:01 +0100] "GET /redmine/issues/2/time_entries/new HTTP/1.1" 200 2400
::1 - - [07/Mar/2015:10:34:13 +0100] "POST /redmine/time_entries/4 HTTP/1.1" 302 125
::1 - - [07/Mar/2015:10:34:13 +0100] "GET /redmine/projects/piecebypeace/time_entries HTTP/1.1" 200 4952
::1 - - [07/Mar/2015:10:34:22 +0100] "POST /redmine/time_entries/3 HTTP/1.1" 302 125
::1 - - [07/Mar/2015:10:34:22 +0100] "GET /redmine/projects/piecebypeace/time_entries HTTP/1.1" 200 4845
::1 - - [07/Mar/2015:10:34:27 +0100] "GET /redmine/projects/piecebypeace/issues HTTP/1.1" 200 5501
::1 - - [07/Mar/2015:10:34:34 +0100] "GET /redmine/issues/3 HTTP/1.1" 200 6150
::1 - - [07/Mar/2015:10:34:46 +0100] "GET /redmine/issues/3/time_entries/new HTTP/1.1" 200 2391
::1 - - [07/Mar/2015:10:35:41 +0100] "POST /redmine/time_entries HTTP/1.1" 302 99
::1 - - [07/Mar/2015:10:35:41 +0100] "GET /redmine/issues/3 HTTP/1.1" 200 6189
::1 - - [07/Mar/2015:10:35:45 +0100] "GET /redmine/issues/3/time_entries/new HTTP/1.1" 200 2388
::1 - - [07/Mar/2015:10:36:43 +0100] "POST /redmine/time_entries HTTP/1.1" 302 99
::1 - - [07/Mar/2015:10:36:44 +0100] "GET /redmine/issues/3 HTTP/1.1" 200 6186
::1 - - [07/Mar/2015:10:36:46 +0100] "GET /redmine/issues/3/time_entries HTTP/1.1" 200 4808
::1 - - [07/Mar/2015:10:36:52 +0100] "GET /redmine/time_entries/5/edit HTTP/1.1" 200 2437
::1 - - [07/Mar/2015:10:36:55 +0100] "POST /redmine/time_entries/5 HTTP/1.1" 302 112
::1 - - [07/Mar/2015:10:36:55 +0100] "GET /redmine/issues/3/time_entries HTTP/1.1" 200 4836
::1 - - [07/Mar/2015:10:37:00 +0100] "GET /redmine/issues/3/time_entries/new HTTP/1.1" 200 2391
::1 - - [07/Mar/2015:10:38:24 +0100] "POST /redmine/time_entries HTTP/1.1" 302 112
::1 - - [07/Mar/2015:10:38:24 +0100] "GET /redmine/issues/3/time_entries HTTP/1.1" 200 4911
::1 - - [07/Mar/2015:10:38:32 +0100] "GET /redmine/issues/3 HTTP/1.1" 200 6152
::1 - - [07/Mar/2015:10:38:36 +0100] "GET /redmine/issues/3/time_entries/new HTTP/1.1" 200 2393
::1 - - [07/Mar/2015:10:39:19 +0100] "POST /redmine/time_entries HTTP/1.1" 302 268
::1 - - [07/Mar/2015:10:39:20 +0100] "GET /redmine/issues/3/time_entries/new?back_url=http%3A%2F%2Flocalhost%2Fredmine%2Fissues%2F3&time_entry%5Bactivity_id%5D=9&time_entry%5Bissue_id%5D=3&time_entry%5Bproject_id%5D= HTTP/1.1" 200 2426
::1 - - [07/Mar/2015:10:40:18 +0100] "POST /redmine/time_entries HTTP/1.1" 302 99
::1 - - [07/Mar/2015:10:40:18 +0100] "GET /redmine/issues/3 HTTP/1.1" 200 6187
::1 - - [07/Mar/2015:10:40:25 +0100] "GET /redmine/projects/piecebypeace/issues HTTP/1.1" 200 5500
::1 - - [07/Mar/2015:10:40:27 +0100] "GET /redmine/issues/3 HTTP/1.1" 200 6154
::1 - - [07/Mar/2015:10:40:34 +0100] "GET /redmine/issues/4 HTTP/1.1" 200 5946
::1 - - [07/Mar/2015:10:40:41 +0100] "GET /redmine/issues/4/time_entries/new HTTP/1.1" 200 2394
::1 - - [07/Mar/2015:10:41:48 +0100] "POST /redmine/time_entries HTTP/1.1" 302 268
::1 - - [07/Mar/2015:10:41:48 +0100] "GET /redmine/issues/4/time_entries/new?back_url=http%3A%2F%2Flocalhost%2Fredmine%2Fissues%2F4&time_entry%5Bactivity_id%5D=9&time_entry%5Bissue_id%5D=4&time_entry%5Bproject_id%5D= HTTP/1.1" 200 2437
::1 - - [07/Mar/2015:10:42:53 +0100] "POST /redmine/time_entries HTTP/1.1" 302 99
::1 - - [07/Mar/2015:10:42:53 +0100] "GET /redmine/issues/4 HTTP/1.1" 200 5950
::1 - - [07/Mar/2015:10:43:02 +0100] "GET /redmine/issues/4/time_entries/new HTTP/1.1" 200 2398
::1 - - [07/Mar/2015:10:43:50 +0100] "POST /redmine/time_entries HTTP/1.1" 302 99
::1 - - [07/Mar/2015:10:43:50 +0100] "GET /redmine/issues/4 HTTP/1.1" 200 5949
::1 - - [07/Mar/2015:10:43:55 +0100] "GET /redmine/issues/4/time_entries/new HTTP/1.1" 200 2397
::1 - - [07/Mar/2015:10:45:48 +0100] "POST /redmine/time_entries HTTP/1.1" 302 99
::1 - - [07/Mar/2015:10:45:48 +0100] "GET /redmine/issues/4 HTTP/1.1" 200 5950
::1 - - [07/Mar/2015:10:45:50 +0100] "GET /redmine/issues/4/time_entries/new HTTP/1.1" 200 2395
::1 - - [07/Mar/2015:10:46:53 +0100] "POST /redmine/time_entries HTTP/1.1" 302 99
::1 - - [07/Mar/2015:10:46:53 +0100] "GET /redmine/issues/4 HTTP/1.1" 200 5950
::1 - - [07/Mar/2015:10:46:55 +0100] "GET /redmine/issues/4/time_entries HTTP/1.1" 200 5054
::1 - - [07/Mar/2015:10:47:01 +0100] "GET /redmine/time_entries/14/edit HTTP/1.1" 200 2441
::1 - - [07/Mar/2015:10:48:20 +0100] "POST /redmine/time_entries/14 HTTP/1.1" 302 112
::1 - - [07/Mar/2015:10:48:20 +0100] "GET /redmine/issues/4/time_entries HTTP/1.1" 200 5109
::1 - - [07/Mar/2015:10:48:28 +0100] "GET /redmine/projects/piecebypeace/issues HTTP/1.1" 200 5502
::1 - - [07/Mar/2015:10:48:32 +0100] "GET /redmine/issues/3 HTTP/1.1" 200 6151
::1 - - [07/Mar/2015:10:48:37 +0100] "GET /redmine/issues/3/time_entries HTTP/1.1" 200 4956
::1 - - [07/Mar/2015:10:50:47 +0100] "GET /redmine/projects/piecebypeace/issues HTTP/1.1" 200 5500
::1 - - [07/Mar/2015:10:50:51 +0100] "GET /redmine/issues/3 HTTP/1.1" 200 6158
::1 - - [07/Mar/2015:10:50:55 +0100] "GET /redmine/issues/3/time_entries HTTP/1.1" 200 4954
::1 - - [07/Mar/2015:10:51:03 +0100] "GET /redmine/issues/3 HTTP/1.1" 200 6159
::1 - - [07/Mar/2015:10:51:20 +0100] "POST /redmine/issues/3/edit.js HTTP/1.1" 200 6066
::1 - - [07/Mar/2015:10:51:24 +0100] "POST /redmine/issues/3 HTTP/1.1" 302 99
::1 - - [07/Mar/2015:10:51:25 +0100] "GET /redmine/issues/3 HTTP/1.1" 200 6167
::1 - - [07/Mar/2015:10:51:30 +0100] "GET /redmine/projects/piecebypeace/issues HTTP/1.1" 200 5463
::1 - - [07/Mar/2015:10:51:32 +0100] "GET /redmine/issues/4 HTTP/1.1" 200 5921
::1 - - [07/Mar/2015:10:51:49 +0100] "POST /redmine/issues/4 HTTP/1.1" 302 99
::1 - - [07/Mar/2015:10:51:50 +0100] "GET /redmine/issues/4 HTTP/1.1" 200 6042
::1 - - [07/Mar/2015:10:51:52 +0100] "GET /redmine/issues/4/time_entries HTTP/1.1" 200 5077
::1 - - [07/Mar/2015:10:51:59 +0100] "GET /redmine/projects/piecebypeace/issues HTTP/1.1" 200 5456
::1 - - [07/Mar/2015:10:52:01 +0100] "GET /redmine/issues/4 HTTP/1.1" 200 6008
::1 - - [07/Mar/2015:10:52:04 +0100] "POST /redmine/issues/4/edit.js HTTP/1.1" 200 5805
::1 - - [07/Mar/2015:10:52:10 +0100] "POST /redmine/issues/4 HTTP/1.1" 302 99
::1 - - [07/Mar/2015:10:52:11 +0100] "GET /redmine/issues/4 HTTP/1.1" 200 6015
::1 - - [07/Mar/2015:10:52:13 +0100] "GET /redmine/projects/piecebypeace/issues HTTP/1.1" 200 5412
::1 - - [07/Mar/2015:10:52:22 +0100] "GET /redmine/projects/piecebypeace/issues?utf8=%E2%9C%93&set_filter=1&f%5B%5D=status_id&op%5Bstatus_id%5D=o&f%5B%5D=done_ratio&op%5Bdone_ratio%5D=%3D&v%5Bdone_ratio%5D%5B%5D=&f%5B%5D=&c%5B%5D=tracker&c%5B%5D=status&c%5B%5D=priority&c%5B%5D=subject&c%5B%5D=assigned_to&c%5B%5D=updated_on&group_by= HTTP/1.1" 200 4554
::1 - - [07/Mar/2015:10:52:30 +0100] "GET /redmine/projects/piecebypeace/issues?utf8=%E2%9C%93&set_filter=1&f%5B%5D=status_id&op%5Bstatus_id%5D=o&f%5B%5D=done_ratio&op%5Bdone_ratio%5D=*&f%5B%5D=&c%5B%5D=tracker&c%5B%5D=status&c%5B%5D=priority&c%5B%5D=subject&c%5B%5D=assigned_to&c%5B%5D=updated_on&group_by= HTTP/1.1" 200 5577
::1 - - [07/Mar/2015:10:52:39 +0100] "GET /redmine/projects/piecebypeace/issues?utf8=%E2%9C%93&set_filter=1&f%5B%5D=status_id&op%5Bstatus_id%5D=o&f%5B%5D=&c%5B%5D=tracker&c%5B%5D=status&c%5B%5D=priority&c%5B%5D=subject&c%5B%5D=assigned_to&c%5B%5D=updated_on&group_by= HTTP/1.1" 200 5548
::1 - - [07/Mar/2015:10:52:43 +0100] "GET /redmine/projects/piecebypeace/issues?utf8=%E2%9C%93&set_filter=1&f%5B%5D=status_id&op%5Bstatus_id%5D=*&f%5B%5D=&c%5B%5D=tracker&c%5B%5D=status&c%5B%5D=priority&c%5B%5D=subject&c%5B%5D=assigned_to&c%5B%5D=updated_on&group_by= HTTP/1.1" 200 5706
::1 - - [07/Mar/2015:10:52:53 +0100] "GET /redmine/projects/piecebypeace/queries/new?utf8=%E2%9C%93&set_filter=1&f%5B%5D=status_id&op%5Bstatus_id%5D=*&f%5B%5D=&c%5B%5D=tracker&c%5B%5D=status&c%5B%5D=priority&c%5B%5D=subject&c%5B%5D=assigned_to&c%5B%5D=updated_on&c%5B%5D=done_ratio&group_by= HTTP/1.1" 200 4785
::1 - - [07/Mar/2015:10:53:00 +0100] "GET /redmine/projects/piecebypeace/issues HTTP/1.1" 200 5568
::1 - - [07/Mar/2015:10:53:05 +0100] "GET /redmine/projects/piecebypeace/issues?utf8=%E2%9C%93&set_filter=1&f%5B%5D=status_id&op%5Bstatus_id%5D=*&f%5B%5D=&c%5B%5D=tracker&c%5B%5D=status&c%5B%5D=priority&c%5B%5D=subject&c%5B%5D=assigned_to&c%5B%5D=updated_on&c%5B%5D=done_ratio&group_by= HTTP/1.1" 200 5801
::1 - - [07/Mar/2015:10:53:08 +0100] "GET /redmine/projects/piecebypeace/queries/new?utf8=%E2%9C%93&set_filter=1&f%5B%5D=status_id&op%5Bstatus_id%5D=*&f%5B%5D=&c%5B%5D=tracker&c%5B%5D=status&c%5B%5D=priority&c%5B%5D=subject&c%5B%5D=assigned_to&c%5B%5D=updated_on&c%5B%5D=done_ratio&group_by= HTTP/1.1" 200 4790
::1 - - [07/Mar/2015:10:53:17 +0100] "POST /redmine/projects/piecebypeace/queries HTTP/1.1" 200 4832
::1 - - [07/Mar/2015:10:53:55 +0100] "POST /redmine/projects/piecebypeace/queries HTTP/1.1" 302 130
::1 - - [07/Mar/2015:10:53:55 +0100] "GET /redmine/projects/piecebypeace/issues?query_id=1 HTTP/1.1" 200 5767
::1 - - [07/Mar/2015:10:53:59 +0100] "GET /redmine/projects/piecebypeace/issues HTTP/1.1" 200 5738
::1 - - [07/Mar/2015:10:54:02 +0100] "GET /redmine/projects/piecebypeace/activity HTTP/1.1" 200 2723
::1 - - [07/Mar/2015:10:54:03 +0100] "GET /redmine/projects/piecebypeace/issues HTTP/1.1" 200 5731
::1 - - [07/Mar/2015:10:54:55 +0100] "GET /redmine/queries/1/edit HTTP/1.1" 403 3166
::1 - - [07/Mar/2015:10:55:04 +0100] "GET /redmine/projects/piecebypeace/issues?utf8=%E2%9C%93&set_filter=1&f%5B%5D=status_id&op%5Bstatus_id%5D=o&f%5B%5D=&c%5B%5D=tracker&c%5B%5D=status&c%5B%5D=priority&c%5B%5D=subject&c%5B%5D=assigned_to&c%5B%5D=updated_on&c%5B%5D=done_ratio&group_by= HTTP/1.1" 200 5691
::1 - - [07/Mar/2015:10:55:09 +0100] "GET /redmine/projects/piecebypeace/queries/new?utf8=%E2%9C%93&set_filter=1&f%5B%5D=status_id&op%5Bstatus_id%5D=o&f%5B%5D=&c%5B%5D=tracker&c%5B%5D=status&c%5B%5D=priority&c%5B%5D=subject&c%5B%5D=assigned_to&c%5B%5D=updated_on&c%5B%5D=done_ratio&group_by= HTTP/1.1" 200 4789
::1 - - [07/Mar/2015:10:55:31 +0100] "POST /redmine/projects/piecebypeace/queries HTTP/1.1" 302 130
::1 - - [07/Mar/2015:10:55:31 +0100] "GET /redmine/projects/piecebypeace/issues?query_id=2 HTTP/1.1" 200 5625
::1 - - [07/Mar/2015:10:55:34 +0100] "GET /redmine/projects/piecebypeace/activity HTTP/1.1" 200 2725
::1 - - [07/Mar/2015:10:55:35 +0100] "GET /redmine/projects/piecebypeace/issues HTTP/1.1" 200 5588
::1 - - [07/Mar/2015:10:55:46 +0100] "GET /redmine/projects/piecebypeace/issues?query_id=1 HTTP/1.1" 200 5761
::1 - - [07/Mar/2015:10:55:48 +0100] "GET /redmine/projects/piecebypeace/issues?query_id=2 HTTP/1.1" 200 5592
::1 - - [07/Mar/2015:10:55:52 +0100] "GET /redmine/projects/piecebypeace/issues?set_filter=1 HTTP/1.1" 200 5485
::1 - - [07/Mar/2015:10:55:55 +0100] "GET /redmine/projects/piecebypeace/issues?query_id=1 HTTP/1.1" 200 5757
::1 - - [07/Mar/2015:10:55:57 +0100] "GET /redmine/projects/piecebypeace/issues?query_id=2 HTTP/1.1" 200 5602
::1 - - [07/Mar/2015:10:56:00 +0100] "GET /redmine/projects/piecebypeace/issues?query_id=1 HTTP/1.1" 200 5760
::1 - - [07/Mar/2015:10:56:09 +0100] "GET /redmine/issues/4 HTTP/1.1" 200 6114
::1 - - [07/Mar/2015:10:56:11 +0100] "GET /redmine/projects/piecebypeace/issues?query_id=2 HTTP/1.1" 200 5598
::1 - - [07/Mar/2015:10:56:18 +0100] "GET /redmine/issues/2 HTTP/1.1" 200 5954
::1 - - [07/Mar/2015:10:56:30 +0100] "GET /redmine/issues/2/time_entries/new HTTP/1.1" 200 2398
::1 - - [07/Mar/2015:10:56:46 +0100] "POST /redmine/time_entries HTTP/1.1" 302 99
::1 - - [07/Mar/2015:10:56:46 +0100] "GET /redmine/issues/2 HTTP/1.1" 200 5994
::1 - - [07/Mar/2015:10:56:49 +0100] "GET /redmine/issues/2/time_entries/new HTTP/1.1" 200 2402
::1 - - [07/Mar/2015:10:57:05 +0100] "POST /redmine/time_entries HTTP/1.1" 302 99
::1 - - [07/Mar/2015:10:57:05 +0100] "GET /redmine/issues/2 HTTP/1.1" 200 5997
::1 - - [07/Mar/2015:10:57:14 +0100] "GET /redmine/issues/2/time_entries/new HTTP/1.1" 200 2401
::1 - - [07/Mar/2015:10:58:15 +0100] "POST /redmine/time_entries HTTP/1.1" 302 99
::1 - - [07/Mar/2015:10:58:15 +0100] "GET /redmine/issues/2 HTTP/1.1" 200 5996
::1 - - [07/Mar/2015:10:58:28 +0100] "GET /redmine/projects/piecebypeace/issues HTTP/1.1" 200 5585
::1 - - [07/Mar/2015:10:58:30 +0100] "GET /redmine/projects/piecebypeace/issues?query_id=1 HTTP/1.1" 200 5762
::1 - - [07/Mar/2015:10:58:33 +0100] "GET /redmine/issues/1 HTTP/1.1" 200 6004
::1 - - [07/Mar/2015:10:58:36 +0100] "GET /redmine/issues/1/time_entries HTTP/1.1" 200 4839
::1 - - [07/Mar/2015:10:58:43 +0100] "GET /redmine/time_entries/2/edit HTTP/1.1" 200 2435
::1 - - [07/Mar/2015:10:58:59 +0100] "GET /redmine/projects/piecebypeace/issues?query_id=1 HTTP/1.1" 200 5763
::1 - - [07/Mar/2015:10:59:16 +0100] "GET /redmine/projects/piecebypeace/issues?set_filter=1 HTTP/1.1" 200 5482
::1 - - [07/Mar/2015:10:59:19 +0100] "GET /redmine/projects/piecebypeace/issues?query_id=2 HTTP/1.1" 200 5600
::1 - - [07/Mar/2015:10:59:26 +0100] "GET /redmine/issues/2 HTTP/1.1" 200 5977
::1 - - [07/Mar/2015:10:59:30 +0100] "GET /redmine/issues/2/time_entries HTTP/1.1" 200 4880
::1 - - [07/Mar/2015:11:00:11 +0100] "GET /redmine/projects/piecebypeace/issues HTTP/1.1" 200 5588
::1 - - [07/Mar/2015:11:00:15 +0100] "GET /redmine/projects/piecebypeace/issues?query_id=1 HTTP/1.1" 200 5760
::1 - - [07/Mar/2015:11:00:42 +0100] "GET /redmine/issues/2 HTTP/1.1" 200 6061
::1 - - [07/Mar/2015:11:00:44 +0100] "GET /redmine/issues/2/time_entries HTTP/1.1" 200 4881
::1 - - [07/Mar/2015:11:00:46 +0100] "GET /redmine/time_entries/17/edit HTTP/1.1" 200 2470
::1 - - [07/Mar/2015:11:00:49 +0100] "POST /redmine/time_entries/17 HTTP/1.1" 302 112
::1 - - [07/Mar/2015:11:00:49 +0100] "GET /redmine/issues/2/time_entries HTTP/1.1" 200 4909
::1 - - [07/Mar/2015:11:00:54 +0100] "GET /redmine/time_entries/16/edit HTTP/1.1" 200 2418
::1 - - [07/Mar/2015:11:00:56 +0100] "POST /redmine/time_entries/16 HTTP/1.1" 302 112
::1 - - [07/Mar/2015:11:00:56 +0100] "GET /redmine/issues/2/time_entries HTTP/1.1" 200 4911
::1 - - [07/Mar/2015:11:00:58 +0100] "GET /redmine/time_entries/15/edit HTTP/1.1" 200 2416
::1 - - [07/Mar/2015:11:01:01 +0100] "POST /redmine/time_entries/15 HTTP/1.1" 302 112
::1 - - [07/Mar/2015:11:01:01 +0100] "GET /redmine/issues/2/time_entries HTTP/1.1" 200 4910
::1 - - [07/Mar/2015:11:01:05 +0100] "GET /redmine/projects/piecebypeace/issues HTTP/1.1" 200 5782
::1 - - [07/Mar/2015:11:01:10 +0100] "GET /redmine/issues/1 HTTP/1.1" 200 6001
::1 - - [07/Mar/2015:11:01:11 +0100] "GET /redmine/issues/1/time_entries HTTP/1.1" 200 4842
::1 - - [07/Mar/2015:11:01:16 +0100] "GET /redmine/issues/2 HTTP/1.1" 200 6055
::1 - - [07/Mar/2015:11:01:19 +0100] "GET /redmine/issues/2/time_entries HTTP/1.1" 200 4881
::1 - - [07/Mar/2015:11:01:29 +0100] "POST /redmine/issues/2/edit.js HTTP/1.1" 200 5690
::1 - - [07/Mar/2015:11:01:32 +0100] "POST /redmine/issues/2 HTTP/1.1" 302 99
::1 - - [07/Mar/2015:11:01:33 +0100] "GET /redmine/issues/2 HTTP/1.1" 200 6134
::1 - - [07/Mar/2015:11:01:59 +0100] "GET /redmine/projects/piecebypeace/issues HTTP/1.1" 200 5736
::1 - - [07/Mar/2015:11:02:00 +0100] "GET /redmine/stylesheets/jquery/jquery-ui-1.11.0.css HTTP/1.1" 304 -
::1 - - [07/Mar/2015:11:02:00 +0100] "GET /redmine/javascripts/i18n/datepicker-es.js HTTP/1.1" 304 -
::1 - - [07/Mar/2015:11:02:00 +0100] "GET /redmine/stylesheets/application.css HTTP/1.1" 304 -
::1 - - [07/Mar/2015:11:02:00 +0100] "GET /redmine/javascripts/jquery-1.11.1-ui-1.11.0-ujs-3.1.1.js HTTP/1.1" 304 -
::1 - - [07/Mar/2015:11:02:00 +0100] "GET /redmine/stylesheets/context_menu.css HTTP/1.1" 304 -
::1 - - [07/Mar/2015:11:02:00 +0100] "GET /redmine/javascripts/application.js HTTP/1.1" 304 -
::1 - - [07/Mar/2015:11:02:00 +0100] "GET /redmine/javascripts/context_menu.js HTTP/1.1" 304 -
::1 - - [07/Mar/2015:11:02:00 +0100] "GET /redmine/images/toggle_check.png HTTP/1.1" 304 -
::1 - - [07/Mar/2015:11:02:00 +0100] "GET /redmine/images/arrow_collapsed.png HTTP/1.1" 304 -
::1 - - [07/Mar/2015:11:02:00 +0100] "GET /redmine/images/reload.png HTTP/1.1" 304 -
::1 - - [07/Mar/2015:11:02:00 +0100] "GET /redmine/images/edit.png HTTP/1.1" 304 -
::1 - - [07/Mar/2015:11:02:00 +0100] "GET /redmine/images/true.png HTTP/1.1" 200 248
::1 - - [07/Mar/2015:11:02:00 +0100] "GET /redmine/images/delete.png HTTP/1.1" 304 -
::1 - - [07/Mar/2015:11:02:00 +0100] "GET /redmine/images/sort_desc.png HTTP/1.1" 304 -
::1 - - [07/Mar/2015:11:02:00 +0100] "GET /redmine/images/feed.png HTTP/1.1" 200 427
::1 - - [07/Mar/2015:11:02:07 +0100] "GET /redmine/issues/2 HTTP/1.1" 200 6104
::1 - - [07/Mar/2015:11:02:09 +0100] "GET /redmine/issues/2/time_entries HTTP/1.1" 200 4879
::1 - - [07/Mar/2015:11:02:12 +0100] "GET /redmine/issues/3 HTTP/1.1" 200 6285
::1 - - [07/Mar/2015:11:02:14 +0100] "GET /redmine/issues/3/time_entries HTTP/1.1" 200 4956
::1 - - [07/Mar/2015:11:02:15 +0100] "GET /redmine/time_entries/9/edit HTTP/1.1" 200 2414
::1 - - [07/Mar/2015:11:02:17 +0100] "POST /redmine/time_entries/9 HTTP/1.1" 302 112
::1 - - [07/Mar/2015:11:02:17 +0100] "GET /redmine/issues/3/time_entries HTTP/1.1" 200 4988
::1 - - [07/Mar/2015:11:02:19 +0100] "GET /redmine/time_entries/8/edit HTTP/1.1" 200 2417
::1 - - [07/Mar/2015:11:02:21 +0100] "POST /redmine/time_entries/8 HTTP/1.1" 302 112
::1 - - [07/Mar/2015:11:02:21 +0100] "GET /redmine/issues/3/time_entries HTTP/1.1" 200 4987
::1 - - [07/Mar/2015:11:02:22 +0100] "GET /redmine/time_entries/7/edit HTTP/1.1" 200 2432
::1 - - [07/Mar/2015:11:02:24 +0100] "POST /redmine/time_entries/7 HTTP/1.1" 302 112
::1 - - [07/Mar/2015:11:02:25 +0100] "GET /redmine/issues/3/time_entries HTTP/1.1" 200 4988
::1 - - [07/Mar/2015:11:02:27 +0100] "GET /redmine/time_entries/6/edit HTTP/1.1" 200 2430
::1 - - [07/Mar/2015:11:02:30 +0100] "POST /redmine/time_entries/6 HTTP/1.1" 302 112
::1 - - [07/Mar/2015:11:02:30 +0100] "GET /redmine/issues/3/time_entries HTTP/1.1" 200 4986
::1 - - [07/Mar/2015:11:02:32 +0100] "GET /redmine/time_entries/5/edit HTTP/1.1" 200 2436
::1 - - [07/Mar/2015:11:02:34 +0100] "POST /redmine/time_entries/5 HTTP/1.1" 302 112
::1 - - [07/Mar/2015:11:02:34 +0100] "GET /redmine/issues/3/time_entries HTTP/1.1" 200 4981
::1 - - [07/Mar/2015:11:02:37 +0100] "GET /redmine/projects/piecebypeace/issues HTTP/1.1" 200 5735
::1 - - [07/Mar/2015:11:02:39 +0100] "GET /redmine/issues/3 HTTP/1.1" 200 6280
::1 - - [07/Mar/2015:11:02:40 +0100] "GET /redmine/issues/3/time_entries HTTP/1.1" 200 4986
::1 - - [07/Mar/2015:11:02:43 +0100] "GET /redmine/issues/4 HTTP/1.1" 200 6119
::1 - - [07/Mar/2015:11:02:48 +0100] "GET /redmine/issues/4/time_entries HTTP/1.1" 200 5074
::1 - - [07/Mar/2015:11:02:51 +0100] "GET /redmine/time_entries/14/edit HTTP/1.1" 200 2483
::1 - - [07/Mar/2015:11:02:53 +0100] "POST /redmine/time_entries/14 HTTP/1.1" 302 112
::1 - - [07/Mar/2015:11:02:53 +0100] "GET /redmine/issues/4/time_entries HTTP/1.1" 200 5114
::1 - - [07/Mar/2015:11:02:55 +0100] "GET /redmine/time_entries/13/edit HTTP/1.1" 200 2460
::1 - - [07/Mar/2015:11:02:57 +0100] "POST /redmine/time_entries/13 HTTP/1.1" 302 112
::1 - - [07/Mar/2015:11:02:57 +0100] "GET /redmine/issues/4/time_entries HTTP/1.1" 200 5112
::1 - - [07/Mar/2015:11:02:59 +0100] "GET /redmine/time_entries/12/edit HTTP/1.1" 200 2457
::1 - - [07/Mar/2015:11:03:01 +0100] "POST /redmine/time_entries/12 HTTP/1.1" 302 112
::1 - - [07/Mar/2015:11:03:01 +0100] "GET /redmine/issues/4/time_entries HTTP/1.1" 200 5115
::1 - - [07/Mar/2015:11:03:02 +0100] "GET /redmine/time_entries/11/edit HTTP/1.1" 200 2468
::1 - - [07/Mar/2015:11:03:04 +0100] "POST /redmine/time_entries/11 HTTP/1.1" 302 112
::1 - - [07/Mar/2015:11:03:05 +0100] "GET /redmine/issues/4/time_entries HTTP/1.1" 200 5118
::1 - - [07/Mar/2015:11:03:06 +0100] "GET /redmine/time_entries/10/edit HTTP/1.1" 200 2439
::1 - - [07/Mar/2015:11:03:09 +0100] "POST /redmine/time_entries/10 HTTP/1.1" 302 112
::1 - - [07/Mar/2015:11:03:09 +0100] "GET /redmine/issues/4/time_entries HTTP/1.1" 200 5111
::1 - - [07/Mar/2015:11:03:11 +0100] "GET /redmine/projects/piecebypeace/issues HTTP/1.1" 200 5737
::1 - - [07/Mar/2015:11:17:06 +0100] "GET /redmine/projects/piecebypeace/issues/new HTTP/1.1" 200 3774
::1 - - [07/Mar/2015:11:19:01 +0100] "POST /redmine/projects/piecebypeace/issues/new.js HTTP/1.1" 200 5253
::1 - - [07/Mar/2015:11:22:32 +0100] "POST /redmine/projects/piecebypeace/issues/new.js HTTP/1.1" 200 5319
::1 - - [07/Mar/2015:11:22:39 +0100] "POST /redmine/projects/piecebypeace/issues HTTP/1.1" 302 99
::1 - - [07/Mar/2015:11:22:40 +0100] "GET /redmine/issues/5 HTTP/1.1" 200 5846
::1 - - [07/Mar/2015:11:22:42 +0100] "GET /redmine/projects/piecebypeace/issues HTTP/1.1" 200 5807
::1 - - [07/Mar/2015:11:22:44 +0100] "GET /redmine/projects/piecebypeace/issues?query_id=2 HTTP/1.1" 200 5603
::1 - - [07/Mar/2015:11:22:50 +0100] "GET /redmine/issues/5 HTTP/1.1" 200 5743
::1 - - [07/Mar/2015:11:22:53 +0100] "GET /redmine/issues/5/time_entries/new HTTP/1.1" 200 2410
::1 - - [07/Mar/2015:11:23:57 +0100] "POST /redmine/time_entries HTTP/1.1" 302 99
::1 - - [07/Mar/2015:11:23:57 +0100] "GET /redmine/issues/5 HTTP/1.1" 200 5774
::1 - - [07/Mar/2015:11:24:04 +0100] "POST /redmine/issues/5/edit.js HTTP/1.1" 200 5793
::1 - - [07/Mar/2015:11:24:06 +0100] "POST /redmine/issues/5 HTTP/1.1" 302 99
::1 - - [07/Mar/2015:11:24:07 +0100] "GET /redmine/issues/5 HTTP/1.1" 200 5925
::1 - - [07/Mar/2015:11:24:15 +0100] "GET /redmine/projects/piecebypeace/issues HTTP/1.1" 200 4912
::1 - - [07/Mar/2015:11:24:17 +0100] "GET /redmine/projects/piecebypeace/issues?query_id=2 HTTP/1.1" 200 4918
::1 - - [07/Mar/2015:11:24:17 +0100] "GET /redmine/projects/piecebypeace/issues?query_id=1 HTTP/1.1" 200 5806
::1 - - [07/Mar/2015:11:24:36 +0100] "GET /redmine/issues/2 HTTP/1.1" 200 6110
::1 - - [07/Mar/2015:11:24:52 +0100] "POST /redmine/issues/2/quoted HTTP/1.1" 200 343
::1 - - [07/Mar/2015:11:24:58 +0100] "GET /redmine/issues/2 HTTP/1.1" 200 6106
::1 - - [07/Mar/2015:11:25:07 +0100] "GET /redmine/projects/piecebypeace/issues HTTP/1.1" 200 5797
::1 - - [07/Mar/2015:11:25:17 +0100] "GET /redmine/projects/piecebypeace/issues/new HTTP/1.1" 200 3779
::1 - - [07/Mar/2015:11:26:13 +0100] "POST /redmine/projects/piecebypeace/issues/new.js HTTP/1.1" 200 4997
::1 - - [07/Mar/2015:11:28:25 +0100] "POST /redmine/projects/piecebypeace/issues HTTP/1.1" 302 99
::1 - - [07/Mar/2015:11:28:27 +0100] "GET /redmine/issues/6 HTTP/1.1" 200 5817
::1 - - [07/Mar/2015:11:28:32 +0100] "GET /redmine/projects/piecebypeace/issues HTTP/1.1" 200 5857
::1 - - [07/Mar/2015:11:28:36 +0100] "GET /redmine/issues/6 HTTP/1.1" 200 5789
::1 - - [07/Mar/2015:11:28:44 +0100] "GET /redmine/issues/6/time_entries/new HTTP/1.1" 200 2397
::1 - - [07/Mar/2015:11:29:38 +0100] "POST /redmine/time_entries HTTP/1.1" 302 99
::1 - - [07/Mar/2015:11:29:38 +0100] "GET /redmine/issues/6 HTTP/1.1" 200 5824
::1 - - [07/Mar/2015:11:29:40 +0100] "GET /redmine/issues/6/time_entries/new HTTP/1.1" 200 2391
::1 - - [07/Mar/2015:11:29:46 +0100] "GET /redmine/projects/piecebypeace/issues HTTP/1.1" 200 5859
::1 - - [07/Mar/2015:11:29:50 +0100] "GET /redmine/issues/5 HTTP/1.1" 200 5977
::1 - - [07/Mar/2015:11:29:54 +0100] "GET /redmine/issues/5/time_entries HTTP/1.1" 200 4726
::1 - - [07/Mar/2015:11:29:58 +0100] "GET /redmine/issues/4 HTTP/1.1" 200 6133
::1 - - [07/Mar/2015:11:30:01 +0100] "GET /redmine/issues/4/time_entries/new HTTP/1.1" 200 2402
::1 - - [07/Mar/2015:11:30:04 +0100] "GET /redmine/issues/4/time_entries HTTP/1.1" 200 5077
::1 - - [07/Mar/2015:11:30:11 +0100] "GET /redmine/issues/3 HTTP/1.1" 200 6292
::1 - - [07/Mar/2015:11:30:14 +0100] "GET /redmine/issues/3/time_entries HTTP/1.1" 200 4952
::1 - - [07/Mar/2015:11:30:20 +0100] "GET /redmine/issues/2 HTTP/1.1" 200 6101
::1 - - [07/Mar/2015:11:30:22 +0100] "GET /redmine/issues/2/time_entries HTTP/1.1" 200 4876
::1 - - [07/Mar/2015:11:30:39 +0100] "GET /redmine/issues/6 HTTP/1.1" 200 5794
::1 - - [07/Mar/2015:11:30:44 +0100] "GET /redmine/issues/6/time_entries HTTP/1.1" 200 4750
::1 - - [07/Mar/2015:11:30:47 +0100] "GET /redmine/time_entries/19/edit HTTP/1.1" 200 2450
::1 - - [07/Mar/2015:11:30:55 +0100] "POST /redmine/time_entries/19 HTTP/1.1" 302 112
::1 - - [07/Mar/2015:11:30:55 +0100] "GET /redmine/issues/6/time_entries HTTP/1.1" 200 4777
::1 - - [07/Mar/2015:11:30:58 +0100] "GET /redmine/projects/piecebypeace/issues HTTP/1.1" 200 5859
::1 - - [07/Mar/2015:11:31:00 +0100] "GET /redmine/issues/6 HTTP/1.1" 200 5795
::1 - - [07/Mar/2015:11:31:03 +0100] "GET /redmine/issues/6/time_entries HTTP/1.1" 200 4744
::1 - - [07/Mar/2015:11:31:06 +0100] "GET /redmine/issues/6/time_entries/new HTTP/1.1" 200 2397
::1 - - [07/Mar/2015:11:33:28 +0100] "POST /redmine/time_entries HTTP/1.1" 302 99
::1 - - [07/Mar/2015:11:33:28 +0100] "GET /redmine/issues/6 HTTP/1.1" 200 5821
::1 - - [07/Mar/2015:11:33:38 +0100] "GET /redmine/issues/6/time_entries HTTP/1.1" 200 4829
::1 - - [07/Mar/2015:11:33:54 +0100] "GET /redmine/issues/6/time_entries/new HTTP/1.1" 200 2393
::1 - - [07/Mar/2015:11:34:48 +0100] "POST /redmine/time_entries HTTP/1.1" 200 2490
::1 - - [07/Mar/2015:11:34:51 +0100] "POST /redmine/time_entries HTTP/1.1" 302 99
::1 - - [07/Mar/2015:11:34:52 +0100] "GET /redmine/issues/6 HTTP/1.1" 200 5824
::1 - - [07/Mar/2015:11:34:54 +0100] "GET /redmine/issues/6/time_entries HTTP/1.1" 200 4899
::1 - - [07/Mar/2015:11:35:10 +0100] "GET /redmine/time_entries/20/edit HTTP/1.1" 200 2432
::1 - - [07/Mar/2015:11:36:27 +0100] "POST /redmine/time_entries/20 HTTP/1.1" 302 112
::1 - - [07/Mar/2015:11:36:27 +0100] "GET /redmine/issues/6/time_entries HTTP/1.1" 200 4941
::1 - - [07/Mar/2015:11:36:30 +0100] "GET /redmine/time_entries/21/edit HTTP/1.1" 200 2443
::1 - - [07/Mar/2015:11:36:46 +0100] "POST /redmine/time_entries/21 HTTP/1.1" 302 112
::1 - - [07/Mar/2015:11:36:46 +0100] "GET /redmine/issues/6/time_entries HTTP/1.1" 200 4967
::1 - - [07/Mar/2015:11:36:59 +0100] "GET /redmine/projects/piecebypeace/issues HTTP/1.1" 200 5857
::1 - - [07/Mar/2015:11:37:01 +0100] "GET /redmine/projects/piecebypeace/issues?query_id=2 HTTP/1.1" 200 5590
::1 - - [07/Mar/2015:11:37:03 +0100] "GET /redmine/issues/6 HTTP/1.1" 200 5723
::1 - - [07/Mar/2015:11:37:07 +0100] "GET /redmine/issues/6/time_entries HTTP/1.1" 200 4940
::1 - - [07/Mar/2015:11:37:15 +0100] "POST /redmine/issues/6/edit.js HTTP/1.1" 200 5796
::1 - - [07/Mar/2015:11:37:19 +0100] "POST /redmine/issues/6 HTTP/1.1" 302 99
::1 - - [07/Mar/2015:11:37:21 +0100] "GET /redmine/issues/6 HTTP/1.1" 200 5905
::1 - - [07/Mar/2015:11:37:23 +0100] "GET /redmine/projects/piecebypeace/issues HTTP/1.1" 200 4913
::1 - - [07/Mar/2015:11:37:26 +0100] "GET /redmine/projects/piecebypeace/issues/new HTTP/1.1" 200 3777
::1 - - [07/Mar/2015:11:37:29 +0100] "POST /redmine/projects/piecebypeace/issues/new.js HTTP/1.1" 200 5036
::1 - - [07/Mar/2015:11:38:13 +0100] "POST /redmine/projects/piecebypeace/issues/new.js HTTP/1.1" 200 5040
::1 - - [07/Mar/2015:11:40:30 +0100] "POST /redmine/projects/piecebypeace/issues HTTP/1.1" 302 99
::1 - - [07/Mar/2015:11:40:31 +0100] "GET /redmine/issues/7 HTTP/1.1" 200 5857
::1 - - [07/Mar/2015:11:40:35 +0100] "GET /redmine/issues/7/time_entries/new HTTP/1.1" 200 2409
::1 - - [07/Mar/2015:11:42:04 +0100] "POST /redmine/time_entries HTTP/1.1" 302 99
::1 - - [07/Mar/2015:11:42:04 +0100] "GET /redmine/issues/7 HTTP/1.1" 200 5810
::1 - - [07/Mar/2015:11:42:12 +0100] "POST /redmine/issues/7/edit.js HTTP/1.1" 200 5718
::1 - - [07/Mar/2015:11:42:17 +0100] "POST /redmine/issues/7 HTTP/1.1" 302 99
::1 - - [07/Mar/2015:11:42:18 +0100] "GET /redmine/issues/7 HTTP/1.1" 200 5965
::1 - - [07/Mar/2015:11:42:24 +0100] "GET /redmine/issues/7/time_entries HTTP/1.1" 200 4784
::1 - - [07/Mar/2015:11:43:10 +0100] "GET /redmine/projects/piecebypeace/issues HTTP/1.1" 200 4914
::1 - - [07/Mar/2015:11:43:13 +0100] "GET /redmine/projects/piecebypeace/issues?query_id=1 HTTP/1.1" 200 5883
::1 - - [07/Mar/2015:11:43:19 +0100] "GET /redmine/projects/piecebypeace/issues/new HTTP/1.1" 200 3782
::1 - - [07/Mar/2015:11:43:23 +0100] "POST /redmine/projects/piecebypeace/issues/new.js HTTP/1.1" 200 5036
::1 - - [07/Mar/2015:11:45:42 +0100] "POST /redmine/projects/piecebypeace/issues/new.js HTTP/1.1" 200 5204
::1 - - [07/Mar/2015:11:46:08 +0100] "POST /redmine/projects/piecebypeace/issues HTTP/1.1" 302 99
::1 - - [07/Mar/2015:11:46:09 +0100] "GET /redmine/issues/8 HTTP/1.1" 200 5829
::1 - - [07/Mar/2015:11:46:14 +0100] "GET /redmine/issues/8/time_entries/new HTTP/1.1" 200 2414
::1 - - [07/Mar/2015:11:47:45 +0100] "POST /redmine/time_entries HTTP/1.1" 302 99
::1 - - [07/Mar/2015:11:47:45 +0100] "GET /redmine/issues/8 HTTP/1.1" 200 5836
::1 - - [07/Mar/2015:11:47:50 +0100] "GET /redmine/issues/8/time_entries HTTP/1.1" 200 4789
::1 - - [07/Mar/2015:11:47:57 +0100] "POST /redmine/issues/8/edit.js HTTP/1.1" 200 5714
::1 - - [07/Mar/2015:11:47:59 +0100] "POST /redmine/issues/8 HTTP/1.1" 302 99
::1 - - [07/Mar/2015:11:48:01 +0100] "GET /redmine/issues/8 HTTP/1.1" 200 5990
::1 - - [07/Mar/2015:11:48:18 +0100] "GET /redmine/images/attachment.png HTTP/1.1" 200 939
::1 - - [07/Mar/2015:11:48:18 +0100] "POST /redmine/uploads.js?attachment_id=1&filename=ISPP%20-%20Piece%20by%20Peace.pptx&content_type=application%2Fvnd.openxmlformats-officedocument.presentationml.presentation HTTP/1.1" 200 336
::1 - - [07/Mar/2015:11:48:40 +0100] "POST /redmine/issues/8 HTTP/1.1" 302 99
::1 - - [07/Mar/2015:11:48:41 +0100] "GET /redmine/issues/8 HTTP/1.1" 200 6193
::1 - - [07/Mar/2015:11:48:46 +0100] "GET /redmine/projects/piecebypeace/issues HTTP/1.1" 200 5913
::1 - - [07/Mar/2015:11:49:33 +0100] "GET /redmine/projects/piecebypeace/issues/new HTTP/1.1" 200 3780
::1 - - [07/Mar/2015:11:49:39 +0100] "POST /redmine/projects/piecebypeace/issues/new.js HTTP/1.1" 200 5036
::1 - - [07/Mar/2015:11:51:58 +0100] "POST /redmine/projects/piecebypeace/issues/new.js HTTP/1.1" 200 5201
::1 - - [07/Mar/2015:11:53:59 +0100] "POST /redmine/projects/piecebypeace/issues HTTP/1.1" 302 99
::1 - - [07/Mar/2015:11:54:00 +0100] "GET /redmine/issues/9 HTTP/1.1" 200 5902
::1 - - [07/Mar/2015:11:54:07 +0100] "GET /redmine/issues/9/time_entries/new HTTP/1.1" 200 2401
::1 - - [07/Mar/2015:11:55:15 +0100] "POST /redmine/time_entries HTTP/1.1" 302 99
::1 - - [07/Mar/2015:11:55:15 +0100] "GET /redmine/issues/9 HTTP/1.1" 200 5898
::1 - - [07/Mar/2015:11:55:17 +0100] "GET /redmine/issues/9/time_entries HTTP/1.1" 200 4778
::1 - - [07/Mar/2015:11:56:14 +0100] "GET /redmine/projects/piecebypeace/issues HTTP/1.1" 200 5975
::1 - - [07/Mar/2015:11:56:19 +0100] "GET /redmine/issues/9 HTTP/1.1" 200 5873
::1 - - [07/Mar/2015:11:56:24 +0100] "POST /redmine/issues/9/edit.js HTTP/1.1" 200 5819
::1 - - [07/Mar/2015:11:56:26 +0100] "POST /redmine/issues/9 HTTP/1.1" 302 99
::1 - - [07/Mar/2015:11:56:27 +0100] "GET /redmine/issues/9 HTTP/1.1" 200 6054
::1 - - [07/Mar/2015:11:56:29 +0100] "GET /redmine/projects/piecebypeace/issues HTTP/1.1" 200 5946
::1 - - [07/Mar/2015:11:56:40 +0100] "GET /redmine/issues/5 HTTP/1.1" 200 5973
::1 - - [07/Mar/2015:11:57:10 +0100] "GET /redmine/watchers/new?object_id=5&object_type=issue HTTP/1.1" 200 1297
::1 - - [07/Mar/2015:11:57:12 +0100] "POST /redmine/issues/5/watchers?project_id=piecebypeace HTTP/1.1" 200 1936
::1 - - [07/Mar/2015:11:57:15 +0100] "GET /redmine/projects/piecebypeace/issues HTTP/1.1" 200 5954
::1 - - [07/Mar/2015:11:57:27 +0100] "GET /redmine/issues/2 HTTP/1.1" 200 6101
::1 - - [07/Mar/2015:12:03:02 +0100] "GET /redmine/projects/piecebypeace/issues HTTP/1.1" 200 5955
::1 - - [07/Mar/2015:12:03:05 +0100] "GET /redmine/projects/piecebypeace/issues?query_id=2 HTTP/1.1" 200 4916
::1 - - [07/Mar/2015:12:03:10 +0100] "GET /redmine/projects/piecebypeace/issues/gantt HTTP/1.1" 200 5229
::1 - - [07/Mar/2015:12:03:11 +0100] "GET /redmine/javascripts/gantt.js HTTP/1.1" 200 1625
::1 - - [07/Mar/2015:12:03:11 +0100] "GET /redmine/javascripts/raphael.js HTTP/1.1" 200 31259
::1 - - [07/Mar/2015:12:03:11 +0100] "GET /redmine/images/zoom_in.png HTTP/1.1" 200 680
::1 - - [07/Mar/2015:12:03:11 +0100] "GET /redmine/images/zoom_out.png HTTP/1.1" 200 657
::1 - - [07/Mar/2015:12:03:20 +0100] "GET /redmine/projects/piecebypeace/issues/gantt?utf8=%E2%9C%93&set_filter=1&gantt=1&f%5B%5D=status_id&op%5Bstatus_id%5D=o&f%5B%5D=&query%5Bdraw_relations%5D=0&query%5Bdraw_relations%5D=1&query%5Bdraw_progress_line%5D=0&months=6&month=2&year=2015&zoom=2 HTTP/1.1" 200 5308
::1 - - [07/Mar/2015:12:03:31 +0100] "GET /redmine/projects/piecebypeace/issues/gantt?f%5B%5D=status_id&f%5B%5D=&gantt=1&month=2&months=6&op%5Bstatus_id%5D=o&query%5Bdraw_progress_line%5D=0&query%5Bdraw_relations%5D=1&query_id=1&set_filter=1&utf8=%E2%9C%93&year=2015&zoom=2 HTTP/1.1" 200 6488
::1 - - [07/Mar/2015:12:03:31 +0100] "GET /redmine/images/milestone_todo.png HTTP/1.1" 200 155
::1 - - [07/Mar/2015:12:03:31 +0100] "GET /redmine/images/project_marker.png HTTP/1.1" 200 204
::1 - - [07/Mar/2015:12:03:31 +0100] "GET /redmine/images/task_todo.png HTTP/1.1" 200 93
::1 - - [07/Mar/2015:12:03:31 +0100] "GET /redmine/images/task_late.png HTTP/1.1" 200 93
::1 - - [07/Mar/2015:12:03:31 +0100] "GET /redmine/images/task_done.png HTTP/1.1" 200 137
::1 - - [07/Mar/2015:12:03:38 +0100] "GET /redmine/projects/piecebypeace/issues/gantt?utf8=%E2%9C%93&set_filter=1&gantt=1&f%5B%5D=status_id&op%5Bstatus_id%5D=*&f%5B%5D=&query%5Bdraw_relations%5D=0&query%5Bdraw_relations%5D=1&query%5Bdraw_progress_line%5D=0&months=2&month=2&year=2015&zoom=2 HTTP/1.1" 200 6253
::1 - - [07/Mar/2015:12:03:42 +0100] "GET /redmine/projects/piecebypeace/issues/gantt?f%5B%5D=status_id&f%5B%5D=&gantt=1&month=2&months=2&op%5Bstatus_id%5D=%2A&query%5Bdraw_progress_line%5D=0&query%5Bdraw_relations%5D=1&set_filter=1&utf8=%E2%9C%93&year=2015&zoom=3 HTTP/1.1" 200 6688
::1 - - [07/Mar/2015:12:03:45 +0100] "GET /redmine/projects/piecebypeace/issues/gantt?f%5B%5D=status_id&f%5B%5D=&gantt=1&month=2&months=2&op%5Bstatus_id%5D=%2A&query%5Bdraw_progress_line%5D=0&query%5Bdraw_relations%5D=1&set_filter=1&utf8=%E2%9C%93&year=2015&zoom=4 HTTP/1.1" 200 6626
::1 - - [07/Mar/2015:12:09:32 +0100] "POST /redmine/logout HTTP/1.1" 302 91
::1 - - [07/Mar/2015:12:09:32 +0100] "GET /redmine/ HTTP/1.1" 200 1555
::1 - - [07/Mar/2015:12:09:34 +0100] "GET /redmine/login HTTP/1.1" 200 1500
::1 - - [07/Mar/2015:12:09:40 +0100] "POST /redmine/login HTTP/1.1" 302 91
::1 - - [07/Mar/2015:12:09:40 +0100] "GET /redmine/ HTTP/1.1" 200 1683
::1 - - [07/Mar/2015:12:09:44 +0100] "GET /redmine/admin HTTP/1.1" 200 1554
::1 - - [07/Mar/2015:12:09:45 +0100] "GET /redmine/users HTTP/1.1" 200 2655
::1 - - [07/Mar/2015:12:09:54 +0100] "GET /redmine/users/1/edit HTTP/1.1" 200 6378
::1 - - [07/Mar/2015:12:10:00 +0100] "POST /redmine/users/1 HTTP/1.1" 302 103
::1 - - [07/Mar/2015:12:10:01 +0100] "GET /redmine/users/1/edit HTTP/1.1" 200 6420
::1 - - [07/Mar/2015:12:10:04 +0100] "GET /redmine/admin HTTP/1.1" 200 1553
::1 - - [07/Mar/2015:12:10:05 +0100] "GET /redmine/users HTTP/1.1" 200 2648
::1 - - [07/Mar/2015:12:10:16 +0100] "GET /redmine/users/5/edit HTTP/1.1" 200 6841
::1 - - [07/Mar/2015:12:10:22 +0100] "POST /redmine/users/5 HTTP/1.1" 302 103
::1 - - [07/Mar/2015:12:10:22 +0100] "GET /redmine/users/5/edit HTTP/1.1" 200 6873
::1 - - [07/Mar/2015:12:10:24 +0100] "GET /redmine/users HTTP/1.1" 200 2645
::1 - - [07/Mar/2015:12:10:27 +0100] "GET /redmine/users/6/edit HTTP/1.1" 200 6846
::1 - - [07/Mar/2015:12:10:32 +0100] "POST /redmine/users/6 HTTP/1.1" 302 103
::1 - - [07/Mar/2015:12:10:32 +0100] "GET /redmine/users/6/edit HTTP/1.1" 200 6869
::1 - - [07/Mar/2015:12:10:34 +0100] "GET /redmine/users HTTP/1.1" 200 2635
::1 - - [07/Mar/2015:12:10:39 +0100] "GET /redmine/users/4/edit HTTP/1.1" 200 6852
::1 - - [07/Mar/2015:12:10:48 +0100] "POST /redmine/users/4 HTTP/1.1" 302 103
::1 - - [07/Mar/2015:12:10:48 +0100] "GET /redmine/users/4/edit HTTP/1.1" 200 6879
::1 - - [07/Mar/2015:12:10:50 +0100] "GET /redmine/users HTTP/1.1" 200 2629
::1 - - [07/Mar/2015:12:10:54 +0100] "GET /redmine/users/7/edit HTTP/1.1" 200 6846
::1 - - [07/Mar/2015:12:11:02 +0100] "POST /redmine/users/7 HTTP/1.1" 302 103
::1 - - [07/Mar/2015:12:11:02 +0100] "GET /redmine/users/7/edit HTTP/1.1" 200 6869
::1 - - [07/Mar/2015:12:11:04 +0100] "GET /redmine/users HTTP/1.1" 200 2636
::1 - - [07/Mar/2015:12:11:06 +0100] "GET /redmine/users?sort=created_on%3Adesc%2Clogin HTTP/1.1" 200 2666
::1 - - [07/Mar/2015:12:11:13 +0100] "GET /redmine/admin/projects HTTP/1.1" 200 2282
::1 - - [07/Mar/2015:12:11:15 +0100] "GET /redmine/projects/piecebypeace/settings HTTP/1.1" 200 4578
::1 - - [07/Mar/2015:12:11:21 +0100] "POST /redmine/logout HTTP/1.1" 302 91
::1 - - [07/Mar/2015:12:11:21 +0100] "GET /redmine/ HTTP/1.1" 200 1551
::1 - - [07/Mar/2015:13:01:36 +0100] "GET /redmine/login HTTP/1.1" 200 1503
::1 - - [07/Mar/2015:13:01:43 +0100] "POST /redmine/login HTTP/1.1" 200 1550
::1 - - [07/Mar/2015:13:01:46 +0100] "POST /redmine/login HTTP/1.1" 200 1545
::1 - - [07/Mar/2015:13:01:51 +0100] "POST /redmine/login HTTP/1.1" 200 1545
::1 - - [07/Mar/2015:13:02:01 +0100] "POST /redmine/login HTTP/1.1" 302 91
::1 - - [07/Mar/2015:13:02:01 +0100] "GET /redmine/ HTTP/1.1" 200 1797
::1 - - [07/Mar/2015:13:02:05 +0100] "GET /redmine/projects/piecebypeace HTTP/1.1" 200 2408
::1 - - [07/Mar/2015:13:02:17 +0100] "GET /redmine/projects/piecebypeace/issues/new HTTP/1.1" 200 3747
::1 - - [07/Mar/2015:13:05:57 +0100] "POST /redmine/projects/piecebypeace/issues HTTP/1.1" 302 100
::1 - - [07/Mar/2015:13:05:58 +0100] "GET /redmine/issues/10 HTTP/1.1" 200 5813
::1 - - [07/Mar/2015:13:06:02 +0100] "GET /redmine/projects/piecebypeace/issues HTTP/1.1" 200 5444
::1 - - [07/Mar/2015:13:06:04 +0100] "GET /redmine/projects/piecebypeace/issues?query_id=1 HTTP/1.1" 200 6016
::1 - - [07/Mar/2015:13:06:07 +0100] "GET /redmine/projects/piecebypeace/issues?query_id=2 HTTP/1.1" 200 5564
::1 - - [07/Mar/2015:13:06:16 +0100] "GET /redmine/projects/piecebypeace/issues/new HTTP/1.1" 200 3748
::1 - - [07/Mar/2015:13:08:30 +0100] "POST /redmine/projects/piecebypeace/issues HTTP/1.1" 302 100
::1 - - [07/Mar/2015:13:08:32 +0100] "GET /redmine/issues/11 HTTP/1.1" 200 5804
::1 - - [07/Mar/2015:13:08:36 +0100] "POST /redmine/issues/11/edit.js HTTP/1.1" 200 5750
::1 - - [07/Mar/2015:13:08:37 +0100] "POST /redmine/issues/11 HTTP/1.1" 302 100
::1 - - [07/Mar/2015:13:08:38 +0100] "GET /redmine/issues/11 HTTP/1.1" 200 5942
::1 - - [07/Mar/2015:13:08:41 +0100] "GET /redmine/projects/piecebypeace/issues HTTP/1.1" 200 5643
::1 - - [07/Mar/2015:13:08:43 +0100] "GET /redmine/issues/10 HTTP/1.1" 200 5847
::1 - - [07/Mar/2015:13:08:48 +0100] "POST /redmine/issues/10/edit.js HTTP/1.1" 200 5912
::1 - - [07/Mar/2015:13:08:49 +0100] "POST /redmine/issues/10 HTTP/1.1" 302 100
::1 - - [07/Mar/2015:13:08:51 +0100] "GET /redmine/issues/10 HTTP/1.1" 200 6031
::1 - - [07/Mar/2015:13:08:53 +0100] "GET /redmine/projects/piecebypeace/issues HTTP/1.1" 200 5635
::1 - - [07/Mar/2015:13:09:48 +0100] "GET /redmine/projects/piecebypeace/issues/new HTTP/1.1" 200 3749
::1 - - [07/Mar/2015:13:09:50 +0100] "POST /redmine/projects/piecebypeace/issues/new.js HTTP/1.1" 200 4999
::1 - - [07/Mar/2015:13:11:39 +0100] "POST /redmine/projects/piecebypeace/issues HTTP/1.1" 302 100
::1 - - [07/Mar/2015:13:11:40 +0100] "GET /redmine/issues/12 HTTP/1.1" 200 5762
::1 - - [07/Mar/2015:13:11:44 +0100] "GET /redmine/projects/piecebypeace/issues HTTP/1.1" 200 5679
::1 - - [08/Mar/2015:13:32:53 +0100] "GET /redmine/login HTTP/1.1" 200 1477
::1 - - [08/Mar/2015:13:33:09 +0100] "POST /redmine/login HTTP/1.1" 302 98
::1 - - [08/Mar/2015:13:33:09 +0100] "GET /redmine/my/page HTTP/1.1" 200 2564
::1 - - [08/Mar/2015:13:33:18 +0100] "GET /redmine/projects HTTP/1.1" 200 2025
::1 - - [08/Mar/2015:13:33:21 +0100] "GET /redmine/projects/piecebypeace HTTP/1.1" 200 2409
::1 - - [08/Mar/2015:13:33:25 +0100] "GET /redmine/projects/piecebypeace/issues?set_filter=1&tracker_id=2 HTTP/1.1" 200 5602
::1 - - [08/Mar/2015:13:33:53 +0100] "GET /redmine/issues/11 HTTP/1.1" 200 5921
::1 - - [08/Mar/2015:13:34:40 +0100] "POST /redmine/issues/11 HTTP/1.1" 302 100
::1 - - [08/Mar/2015:13:34:45 +0100] "GET /redmine/issues/11 HTTP/1.1" 200 6063
::1 - - [08/Mar/2015:13:34:48 +0100] "GET /redmine/projects/piecebypeace/issues HTTP/1.1" 200 5579
::1 - - [08/Mar/2015:13:34:54 +0100] "GET /redmine/issues/10 HTTP/1.1" 200 5992
::1 - - [08/Mar/2015:13:35:01 +0100] "GET /redmine/projects/piecebypeace/issues HTTP/1.1" 200 5586
::1 - - [08/Mar/2015:13:35:04 +0100] "GET /redmine/projects/piecebypeace/issues?query_id=1 HTTP/1.1" 200 6108
::1 - - [08/Mar/2015:13:35:12 +0100] "GET /redmine/issues/9 HTTP/1.1" 200 6005
::1 - - [08/Mar/2015:13:35:27 +0100] "POST /redmine/uploads.js?attachment_id=1&filename=ISPP%20-%20Piece%20by%20Peace.pptx&content_type=application%2Fvnd.openxmlformats-officedocument.presentationml.presentation HTTP/1.1" 200 336
::1 - - [08/Mar/2015:13:35:38 +0100] "POST /redmine/uploads.js?attachment_id=2&filename=D03%20-%20Abstract.pdf&content_type=application%2Fpdf HTTP/1.1" 200 336
::1 - - [08/Mar/2015:13:35:59 +0100] "POST /redmine/issues/9 HTTP/1.1" 302 99
::1 - - [08/Mar/2015:13:36:00 +0100] "GET /redmine/issues/9 HTTP/1.1" 200 6316
::1 - - [08/Mar/2015:13:36:09 +0100] "GET /redmine/projects/piecebypeace/issues HTTP/1.1" 200 6106
::1 - - [08/Mar/2015:13:36:48 +0100] "GET /redmine/projects/piecebypeace/issues/new HTTP/1.1" 200 3747
::1 - - [08/Mar/2015:13:37:06 +0100] "POST /redmine/projects/piecebypeace/issues/new.js HTTP/1.1" 200 5022
::1 - - [08/Mar/2015:13:42:19 +0100] "POST /redmine/projects/piecebypeace/issues HTTP/1.1" 302 100
::1 - - [08/Mar/2015:13:42:20 +0100] "GET /redmine/issues/13 HTTP/1.1" 200 5820
::1 - - [08/Mar/2015:13:43:46 +0100] "GET /redmine/projects/piecebypeace/issues HTTP/1.1" 200 6152
::1 - - [08/Mar/2015:13:43:51 +0100] "GET /redmine/projects/piecebypeace/issues/new HTTP/1.1" 200 3748
::1 - - [08/Mar/2015:13:43:54 +0100] "POST /redmine/projects/piecebypeace/issues/new.js HTTP/1.1" 200 4999
::1 - - [08/Mar/2015:13:46:29 +0100] "POST /redmine/projects/piecebypeace/issues HTTP/1.1" 302 100
::1 - - [08/Mar/2015:13:46:30 +0100] "GET /redmine/issues/14 HTTP/1.1" 200 5807
::1 - - [08/Mar/2015:13:46:32 +0100] "GET /redmine/projects/piecebypeace/issues HTTP/1.1" 200 6185
::1 - - [08/Mar/2015:13:46:34 +0100] "GET /redmine/issues/12 HTTP/1.1" 200 5732
::1 - - [08/Mar/2015:13:46:47 +0100] "POST /redmine/issues/12 HTTP/1.1" 302 100
::1 - - [08/Mar/2015:13:46:48 +0100] "GET /redmine/issues/12 HTTP/1.1" 200 5929
::1 - - [08/Mar/2015:13:47:07 +0100] "POST /redmine/issues/12 HTTP/1.1" 302 100
::1 - - [08/Mar/2015:13:47:08 +0100] "GET /redmine/issues/12 HTTP/1.1" 200 5986
::1 - - [08/Mar/2015:13:47:18 +0100] "GET /redmine/projects/piecebypeace/issues HTTP/1.1" 200 6194
::1 - - [08/Mar/2015:13:52:14 +0100] "GET /redmine/projects/piecebypeace/issues/gantt HTTP/1.1" 200 6758
::1 - - [08/Mar/2015:13:52:33 +0100] "GET /redmine/projects/piecebypeace/issues/gantt?utf8=%E2%9C%93&set_filter=1&gantt=1&f%5B%5D=status_id&op%5Bstatus_id%5D=*&f%5B%5D=&query%5Bdraw_relations%5D=0&query%5Bdraw_relations%5D=1&query%5Bdraw_progress_line%5D=0&months=4&month=2&year=2015&zoom=4 HTTP/1.1" 200 7778
::1 - - [08/Mar/2015:13:53:06 +0100] "GET /redmine/projects/piecebypeace/issues/gantt?f%5B%5D=status_id&f%5B%5D=&gantt=1&month=2&months=4&op%5Bstatus_id%5D=%2A&query%5Bdraw_progress_line%5D=0&query%5Bdraw_relations%5D=1&set_filter=1&utf8=%E2%9C%93&year=2015&zoom=3 HTTP/1.1" 200 7716
::1 - - [08/Mar/2015:13:53:31 +0100] "GET /redmine/projects/piecebypeace/issues/gantt?f%5B%5D=status_id&f%5B%5D=&gantt=1&month=2&months=4&op%5Bstatus_id%5D=%2A&query%5Bdraw_progress_line%5D=0&query%5Bdraw_relations%5D=1&set_filter=1&utf8=%E2%9C%93&year=2015&zoom=2 HTTP/1.1" 200 6719
::1 - - [08/Mar/2015:13:53:57 +0100] "GET /redmine/issues/10 HTTP/1.1" 200 6011
::1 - - [08/Mar/2015:13:58:49 +0100] "GET /redmine/projects/piecebypeace/issues/gantt?f%5B%5D=status_id&f%5B%5D=&gantt=1&month=2&months=4&op%5Bstatus_id%5D=%2A&query%5Bdraw_progress_line%5D=0&query%5Bdraw_relations%5D=1&set_filter=1&utf8=%E2%9C%93&year=2015&zoom=3 HTTP/1.1" 200 7707
::1 - - [08/Mar/2015:13:58:54 +0100] "GET /redmine/projects/piecebypeace/issues/new HTTP/1.1" 200 3752
::1 - - [08/Mar/2015:13:58:55 +0100] "GET /redmine/projects/piecebypeace/issues HTTP/1.1" 200 6038
::1 - - [08/Mar/2015:13:59:00 +0100] "GET /redmine/projects/piecebypeace/issues?query_id=1 HTTP/1.1" 200 6199
::1 - - [08/Mar/2015:14:43:01 +0100] "GET /redmine/projects/piecebypeace HTTP/1.1" 200 2404
::1 - - [08/Mar/2015:14:43:21 +0100] "GET /redmine/projects/piecebypeace/activity HTTP/1.1" 200 3577
::1 - - [08/Mar/2015:14:43:28 +0100] "GET /redmine/projects/piecebypeace/issues HTTP/1.1" 200 6198
::1 - - [08/Mar/2015:14:43:32 +0100] "GET /redmine/projects/piecebypeace/issues?query_id=2 HTTP/1.1" 200 5784
::1 - - [08/Mar/2015:14:43:40 +0100] "GET /redmine/projects/piecebypeace/issues?query_id=1 HTTP/1.1" 200 6207
::1 - - [08/Mar/2015:14:44:04 +0100] "GET /redmine/projects/piecebypeace/issues/gantt HTTP/1.1" 200 7298
::1 - - [08/Mar/2015:14:44:08 +0100] "GET /redmine/projects/piecebypeace/issues/gantt?month=3&months=4&year=2015&zoom=4 HTTP/1.1" 200 7366
::1 - - [08/Mar/2015:14:44:14 +0100] "GET /redmine/projects/piecebypeace/issues/gantt?utf8=%E2%9C%93&set_filter=1&gantt=1&f%5B%5D=status_id&op%5Bstatus_id%5D=*&f%5B%5D=&query%5Bdraw_relations%5D=0&query%5Bdraw_relations%5D=1&query%5Bdraw_progress_line%5D=0&months=4&month=2&year=2015&zoom=4 HTTP/1.1" 200 7775
::1 - - [08/Mar/2015:14:44:23 +0100] "GET /redmine/projects/piecebypeace/issues/calendar HTTP/1.1" 200 5022
::1 - - [08/Mar/2015:14:44:23 +0100] "GET /redmine/images/bullet_go.png HTTP/1.1" 200 357
::1 - - [08/Mar/2015:14:44:23 +0100] "GET /redmine/images/bullet_end.png HTTP/1.1" 200 329
::1 - - [08/Mar/2015:14:44:23 +0100] "GET /redmine/images/bullet_diamond.png HTTP/1.1" 200 262
::1 - - [08/Mar/2015:14:44:28 +0100] "GET /redmine/projects/piecebypeace/wiki HTTP/1.1" 200 2398
::1 - - [08/Mar/2015:14:44:33 +0100] "GET /redmine/projects/piecebypeace/files HTTP/1.1" 200 1813
::1 - - [08/Mar/2015:14:44:37 +0100] "GET /redmine/projects/piecebypeace/settings HTTP/1.1" 200 4746
::1 - - [08/Mar/2015:14:44:51 +0100] "GET /redmine/projects/piecebypeace/issues HTTP/1.1" 200 6035
::1 - - [08/Mar/2015:14:44:55 +0100] "GET /redmine/issues/3 HTTP/1.1" 200 6246
::1 - - [08/Mar/2015:14:45:04 +0100] "GET /redmine/issues/3/time_entries HTTP/1.1" 200 4923
::1 - - [08/Mar/2015:14:45:25 +0100] "GET /redmine/projects/piecebypeace/issues HTTP/1.1" 200 6036
::1 - - [08/Mar/2015:14:45:36 +0100] "GET /redmine/projects/piecebypeace/settings HTTP/1.1" 200 4748
::1 - - [08/Mar/2015:14:45:38 +0100] "GET /redmine/projects/piecebypeace/files HTTP/1.1" 200 1809
::1 - - [08/Mar/2015:14:45:39 +0100] "GET /redmine/ HTTP/1.1" 200 1798
::1 - - [08/Mar/2015:21:22:09 +0100] "GET /redmine/login HTTP/1.1" 200 1475
::1 - - [08/Mar/2015:21:22:16 +0100] "POST /redmine/login HTTP/1.1" 302 98
::1 - - [08/Mar/2015:21:22:17 +0100] "GET /redmine/my/page HTTP/1.1" 200 2612
::1 - - [08/Mar/2015:21:22:23 +0100] "GET /redmine/issues/12 HTTP/1.1" 200 5866
::1 - - [08/Mar/2015:21:25:21 +0100] "POST /redmine/uploads.js?attachment_id=1&filename=Piece%20by%20Peace%20-%20Conceptual%20model%20v0.9.asta&content_type= HTTP/1.1" 200 336
::1 - - [08/Mar/2015:21:26:07 +0100] "POST /redmine/issues/12 HTTP/1.1" 302 100
::1 - - [08/Mar/2015:21:26:10 +0100] "GET /redmine/issues/12 HTTP/1.1" 200 6182
::1 - - [08/Mar/2015:21:26:15 +0100] "GET /redmine/projects/piecebypeace/issues HTTP/1.1" 200 5664
::1 - - [08/Mar/2015:21:26:18 +0100] "GET /redmine/projects/piecebypeace/issues?query_id=2 HTTP/1.1" 200 5799
::1 - - [08/Mar/2015:21:26:23 +0100] "GET /redmine/issues/14 HTTP/1.1" 200 5765
::1 - - [08/Mar/2015:21:27:15 +0100] "POST /redmine/issues/14 HTTP/1.1" 302 100
::1 - - [08/Mar/2015:21:27:16 +0100] "GET /redmine/issues/14 HTTP/1.1" 200 5984
::1 - - [08/Mar/2015:21:27:22 +0100] "GET /redmine/issues/14/time_entries HTTP/1.1" 200 4708
::1 - - [08/Mar/2015:21:27:26 +0100] "GET /redmine/projects/piecebypeace/issues HTTP/1.1" 200 5808
::1 - - [08/Mar/2015:21:27:29 +0100] "GET /redmine/issues/12 HTTP/1.1" 200 6231
::1 - - [08/Mar/2015:21:27:31 +0100] "GET /redmine/issues/12/time_entries HTTP/1.1" 200 4717
::1 - - [08/Mar/2015:21:27:36 +0100] "GET /redmine/time_entries/25/edit HTTP/1.1" 200 2448
::1 - - [08/Mar/2015:21:27:43 +0100] "POST /redmine/time_entries/25 HTTP/1.1" 302 113
::1 - - [08/Mar/2015:21:27:44 +0100] "GET /redmine/issues/12/time_entries HTTP/1.1" 200 4744
::1 - - [08/Mar/2015:21:27:57 +0100] "GET /redmine/projects/piecebypeace/issues HTTP/1.1" 200 5811
::1 - - [08/Mar/2015:21:42:46 +0100] "GET /redmine/login HTTP/1.1" 200 1474
::1 - - [08/Mar/2015:21:43:04 +0100] "POST /redmine/login HTTP/1.1" 302 98
::1 - - [08/Mar/2015:21:43:04 +0100] "GET /redmine/my/page HTTP/1.1" 200 2609
::1 - - [08/Mar/2015:21:43:25 +0100] "GET /redmine/projects HTTP/1.1" 200 2024
::1 - - [08/Mar/2015:21:43:34 +0100] "GET /redmine/projects/piecebypeace HTTP/1.1" 200 2408
::1 - - [08/Mar/2015:21:43:49 +0100] "GET /redmine/projects/piecebypeace/settings HTTP/1.1" 200 4751
::1 - - [08/Mar/2015:21:44:09 +0100] "GET /redmine/my/page HTTP/1.1" 200 2606
::1 - - [08/Mar/2015:21:44:11 +0100] "POST /redmine/logout HTTP/1.1" 302 91
::1 - - [08/Mar/2015:21:44:11 +0100] "GET /redmine/ HTTP/1.1" 200 1551
::1 - - [08/Mar/2015:21:44:15 +0100] "GET /redmine/login HTTP/1.1" 200 1502
::1 - - [08/Mar/2015:21:44:21 +0100] "POST /redmine/login HTTP/1.1" 302 91
::1 - - [08/Mar/2015:21:44:21 +0100] "GET /redmine/ HTTP/1.1" 200 1686
::1 - - [08/Mar/2015:21:44:45 +0100] "GET /redmine/admin HTTP/1.1" 200 1555
::1 - - [08/Mar/2015:21:44:51 +0100] "GET /redmine/issue_statuses HTTP/1.1" 200 2167
::1 - - [08/Mar/2015:21:44:52 +0100] "GET /redmine/images/1uparrow.png HTTP/1.1" 200 220
::1 - - [08/Mar/2015:21:44:52 +0100] "GET /redmine/images/2uparrow.png HTTP/1.1" 200 292
::1 - - [08/Mar/2015:21:44:52 +0100] "GET /redmine/images/1downarrow.png HTTP/1.1" 200 228
::1 - - [08/Mar/2015:21:44:52 +0100] "GET /redmine/images/2downarrow.png HTTP/1.1" 200 282
::1 - - [08/Mar/2015:21:45:00 +0100] "GET /redmine/trackers HTTP/1.1" 200 2020
::1 - - [08/Mar/2015:21:45:12 +0100] "GET /redmine/settings HTTP/1.1" 200 10612
::1 - - [08/Mar/2015:21:46:01 +0100] "GET /redmine/admin/projects HTTP/1.1" 200 2284
::1 - - [08/Mar/2015:21:46:10 +0100] "GET /redmine/projects/piecebypeace/settings HTTP/1.1" 200 4579
::1 - - [08/Mar/2015:21:46:17 +0100] "GET /redmine/projects HTTP/1.1" 200 1902
::1 - - [08/Mar/2015:21:46:23 +0100] "GET /redmine/projects.atom?key=099fcc8f980db8218b63c7901afbc0c0c06a8e1b HTTP/1.1" 200 1284
::1 - - [08/Mar/2015:21:54:53 +0100] "GET /redmine/admin HTTP/1.1" 200 1552
::1 - - [08/Mar/2015:21:54:55 +0100] "GET /redmine/admin/plugins HTTP/1.1" 200 1589
